14:46:50 INFO  : Registering command handlers for SDK TCF services
14:46:51 INFO  : Launching XSCT server: xsct.bat -interactive E:\ZYNQcode\PS\GPIO_MIO\GPIO_MIO.sdk\temp_xsdb_launch_script.tcl
14:46:52 INFO  : XSCT server has started successfully.
14:46:52 INFO  : Successfully done setting XSCT server connection channel  
14:46:52 INFO  : Successfully done setting SDK workspace  
14:46:52 INFO  : Processing command line option -hwspec E:/ZYNQcode/PS/GPIO_MIO/GPIO_MIO.sdk/system_wrapper.hdf.
14:49:11 INFO  : Example project GPIO_MIO_bsp_xgpiops_polled_example_1 has been created successfully.
14:50:53 INFO  : Connected to target on host '127.0.0.1' and port '3121'.
14:50:53 INFO  : Jtag cable 'Digilent JTAG-SMT2 210251A08870' is selected.
14:50:53 INFO  : 'jtag frequency' command is executed.
14:50:53 INFO  : Sourcing of 'E:/ZYNQcode/PS/GPIO_MIO/GPIO_MIO.sdk/system_wrapper_hw_platform_0/ps7_init.tcl' is done.
14:50:53 INFO  : Context for 'APU' is selected.
14:50:53 INFO  : Hardware design information is loaded from 'E:/ZYNQcode/PS/GPIO_MIO/GPIO_MIO.sdk/system_wrapper_hw_platform_0/system.hdf'.
14:50:53 INFO  : 'configparams force-mem-access 1' command is executed.
14:50:53 INFO  : Context for 'APU' is selected.
14:50:53 INFO  : 'stop' command is executed.
14:50:53 INFO  : 'ps7_init' command is executed.
14:50:53 INFO  : 'ps7_post_config' command is executed.
14:50:53 INFO  : Context for processor 'ps7_cortexa9_0' is selected.
14:50:54 INFO  : Processor reset is completed for 'ps7_cortexa9_0'.
14:50:54 INFO  : Context for processor 'ps7_cortexa9_0' is selected.
14:50:54 INFO  : The application 'E:/ZYNQcode/PS/GPIO_MIO/GPIO_MIO.sdk/GPIO_MIO/Debug/GPIO_MIO.elf' is downloaded to processor 'ps7_cortexa9_0'.
14:50:54 INFO  : 'configparams force-mem-access 0' command is executed.
14:50:54 INFO  : ----------------XSDB Script----------------
connect -url tcp:127.0.0.1:3121
source E:/ZYNQcode/PS/GPIO_MIO/GPIO_MIO.sdk/system_wrapper_hw_platform_0/ps7_init.tcl
targets -set -nocase -filter {name =~"APU*" && jtag_cable_name =~ "Digilent JTAG-SMT2 210251A08870"} -index 0
loadhw -hw E:/ZYNQcode/PS/GPIO_MIO/GPIO_MIO.sdk/system_wrapper_hw_platform_0/system.hdf -mem-ranges [list {0x40000000 0xbfffffff}]
configparams force-mem-access 1
targets -set -nocase -filter {name =~"APU*" && jtag_cable_name =~ "Digilent JTAG-SMT2 210251A08870"} -index 0
stop
ps7_init
ps7_post_config
targets -set -nocase -filter {name =~ "ARM*#0" && jtag_cable_name =~ "Digilent JTAG-SMT2 210251A08870"} -index 0
rst -processor
targets -set -nocase -filter {name =~ "ARM*#0" && jtag_cable_name =~ "Digilent JTAG-SMT2 210251A08870"} -index 0
dow E:/ZYNQcode/PS/GPIO_MIO/GPIO_MIO.sdk/GPIO_MIO/Debug/GPIO_MIO.elf
configparams force-mem-access 0
----------------End of Script----------------

14:50:54 INFO  : Context for processor 'ps7_cortexa9_0' is selected.
14:50:54 INFO  : 'con' command is executed.
14:50:54 INFO  : ----------------XSDB Script (After Launch)----------------
targets -set -nocase -filter {name =~ "ARM*#0" && jtag_cable_name =~ "Digilent JTAG-SMT2 210251A08870"} -index 0
con
----------------End of Script----------------

14:50:54 INFO  : Launch script is exported to file 'E:\ZYNQcode\PS\GPIO_MIO\GPIO_MIO.sdk\.sdk\launch_scripts\xilinx_c-c++_application_(system_debugger)\system_debugger_using_debug_gpio_mio.elf_on_local.tcl'
14:51:05 INFO  : Disconnected from the channel tcfchan#1.
14:51:06 INFO  : Connected to target on host '127.0.0.1' and port '3121'.
14:51:06 INFO  : Jtag cable 'Digilent JTAG-SMT2 210251A08870' is selected.
14:51:06 INFO  : 'jtag frequency' command is executed.
14:51:06 INFO  : Sourcing of 'E:/ZYNQcode/PS/GPIO_MIO/GPIO_MIO.sdk/system_wrapper_hw_platform_0/ps7_init.tcl' is done.
14:51:06 INFO  : Context for 'APU' is selected.
14:51:07 INFO  : Hardware design information is loaded from 'E:/ZYNQcode/PS/GPIO_MIO/GPIO_MIO.sdk/system_wrapper_hw_platform_0/system.hdf'.
14:51:07 INFO  : 'configparams force-mem-access 1' command is executed.
14:51:07 INFO  : Context for 'APU' is selected.
14:51:07 INFO  : 'stop' command is executed.
14:51:07 INFO  : 'ps7_init' command is executed.
14:51:07 INFO  : 'ps7_post_config' command is executed.
14:51:07 INFO  : Context for processor 'ps7_cortexa9_0' is selected.
14:51:07 INFO  : Processor reset is completed for 'ps7_cortexa9_0'.
14:51:07 INFO  : Context for processor 'ps7_cortexa9_0' is selected.
14:51:07 INFO  : The application 'E:/ZYNQcode/PS/GPIO_MIO/GPIO_MIO.sdk/GPIO_MIO/Debug/GPIO_MIO.elf' is downloaded to processor 'ps7_cortexa9_0'.
14:51:07 INFO  : 'configparams force-mem-access 0' command is executed.
14:51:07 INFO  : ----------------XSDB Script----------------
connect -url tcp:127.0.0.1:3121
source E:/ZYNQcode/PS/GPIO_MIO/GPIO_MIO.sdk/system_wrapper_hw_platform_0/ps7_init.tcl
targets -set -nocase -filter {name =~"APU*" && jtag_cable_name =~ "Digilent JTAG-SMT2 210251A08870"} -index 0
loadhw -hw E:/ZYNQcode/PS/GPIO_MIO/GPIO_MIO.sdk/system_wrapper_hw_platform_0/system.hdf -mem-ranges [list {0x40000000 0xbfffffff}]
configparams force-mem-access 1
targets -set -nocase -filter {name =~"APU*" && jtag_cable_name =~ "Digilent JTAG-SMT2 210251A08870"} -index 0
stop
ps7_init
ps7_post_config
targets -set -nocase -filter {name =~ "ARM*#0" && jtag_cable_name =~ "Digilent JTAG-SMT2 210251A08870"} -index 0
rst -processor
targets -set -nocase -filter {name =~ "ARM*#0" && jtag_cable_name =~ "Digilent JTAG-SMT2 210251A08870"} -index 0
dow E:/ZYNQcode/PS/GPIO_MIO/GPIO_MIO.sdk/GPIO_MIO/Debug/GPIO_MIO.elf
configparams force-mem-access 0
----------------End of Script----------------

14:51:07 INFO  : Context for processor 'ps7_cortexa9_0' is selected.
14:51:07 INFO  : 'con' command is executed.
14:51:07 INFO  : ----------------XSDB Script (After Launch)----------------
targets -set -nocase -filter {name =~ "ARM*#0" && jtag_cable_name =~ "Digilent JTAG-SMT2 210251A08870"} -index 0
con
----------------End of Script----------------

14:51:07 INFO  : Launch script is exported to file 'E:\ZYNQcode\PS\GPIO_MIO\GPIO_MIO.sdk\.sdk\launch_scripts\xilinx_c-c++_application_(system_debugger)\system_debugger_using_debug_gpio_mio.elf_on_local.tcl'
15:27:49 INFO  : Disconnected from the channel tcfchan#2.
15:27:50 INFO  : Connected to target on host '127.0.0.1' and port '3121'.
15:27:50 INFO  : Jtag cable 'Digilent JTAG-SMT2 210251A08870' is selected.
15:27:50 INFO  : 'jtag frequency' command is executed.
15:27:50 INFO  : Sourcing of 'E:/ZYNQcode/PS/GPIO_MIO/GPIO_MIO.sdk/system_wrapper_hw_platform_0/ps7_init.tcl' is done.
15:27:50 INFO  : Context for 'APU' is selected.
15:27:51 INFO  : Hardware design information is loaded from 'E:/ZYNQcode/PS/GPIO_MIO/GPIO_MIO.sdk/system_wrapper_hw_platform_0/system.hdf'.
15:27:51 INFO  : 'configparams force-mem-access 1' command is executed.
15:27:51 INFO  : Context for 'APU' is selected.
15:27:51 INFO  : 'stop' command is executed.
15:27:51 INFO  : 'ps7_init' command is executed.
15:27:51 INFO  : 'ps7_post_config' command is executed.
15:27:51 INFO  : Context for processor 'ps7_cortexa9_0' is selected.
15:27:51 INFO  : Processor reset is completed for 'ps7_cortexa9_0'.
15:27:51 INFO  : Context for processor 'ps7_cortexa9_0' is selected.
15:27:52 INFO  : The application 'E:/ZYNQcode/PS/GPIO_MIO/GPIO_MIO.sdk/GPIO_MIO/Debug/GPIO_MIO.elf' is downloaded to processor 'ps7_cortexa9_0'.
15:27:52 INFO  : 'configparams force-mem-access 0' command is executed.
15:27:52 INFO  : ----------------XSDB Script----------------
connect -url tcp:127.0.0.1:3121
source E:/ZYNQcode/PS/GPIO_MIO/GPIO_MIO.sdk/system_wrapper_hw_platform_0/ps7_init.tcl
targets -set -nocase -filter {name =~"APU*" && jtag_cable_name =~ "Digilent JTAG-SMT2 210251A08870"} -index 0
loadhw -hw E:/ZYNQcode/PS/GPIO_MIO/GPIO_MIO.sdk/system_wrapper_hw_platform_0/system.hdf -mem-ranges [list {0x40000000 0xbfffffff}]
configparams force-mem-access 1
targets -set -nocase -filter {name =~"APU*" && jtag_cable_name =~ "Digilent JTAG-SMT2 210251A08870"} -index 0
stop
ps7_init
ps7_post_config
targets -set -nocase -filter {name =~ "ARM*#0" && jtag_cable_name =~ "Digilent JTAG-SMT2 210251A08870"} -index 0
rst -processor
targets -set -nocase -filter {name =~ "ARM*#0" && jtag_cable_name =~ "Digilent JTAG-SMT2 210251A08870"} -index 0
dow E:/ZYNQcode/PS/GPIO_MIO/GPIO_MIO.sdk/GPIO_MIO/Debug/GPIO_MIO.elf
configparams force-mem-access 0
----------------End of Script----------------

15:27:52 INFO  : Context for processor 'ps7_cortexa9_0' is selected.
15:27:52 INFO  : 'con' command is executed.
15:27:52 INFO  : ----------------XSDB Script (After Launch)----------------
targets -set -nocase -filter {name =~ "ARM*#0" && jtag_cable_name =~ "Digilent JTAG-SMT2 210251A08870"} -index 0
con
----------------End of Script----------------

15:27:52 INFO  : Launch script is exported to file 'E:\ZYNQcode\PS\GPIO_MIO\GPIO_MIO.sdk\.sdk\launch_scripts\xilinx_c-c++_application_(system_debugger)\system_debugger_using_debug_gpio_mio.elf_on_local.tcl'
15:29:19 INFO  : Disconnected from the channel tcfchan#3.
15:29:20 INFO  : Connected to target on host '127.0.0.1' and port '3121'.
15:29:20 INFO  : Jtag cable 'Digilent JTAG-SMT2 210251A08870' is selected.
15:29:20 INFO  : 'jtag frequency' command is executed.
15:29:20 INFO  : Sourcing of 'E:/ZYNQcode/PS/GPIO_MIO/GPIO_MIO.sdk/system_wrapper_hw_platform_0/ps7_init.tcl' is done.
15:29:20 INFO  : Context for 'APU' is selected.
15:29:21 INFO  : Hardware design information is loaded from 'E:/ZYNQcode/PS/GPIO_MIO/GPIO_MIO.sdk/system_wrapper_hw_platform_0/system.hdf'.
15:29:21 INFO  : 'configparams force-mem-access 1' command is executed.
15:29:21 INFO  : Context for 'APU' is selected.
15:29:21 INFO  : 'stop' command is executed.
15:29:21 INFO  : 'ps7_init' command is executed.
15:29:21 INFO  : 'ps7_post_config' command is executed.
15:29:21 INFO  : Context for processor 'ps7_cortexa9_0' is selected.
15:29:21 INFO  : Processor reset is completed for 'ps7_cortexa9_0'.
15:29:21 INFO  : Context for processor 'ps7_cortexa9_0' is selected.
15:29:21 INFO  : The application 'E:/ZYNQcode/PS/GPIO_MIO/GPIO_MIO.sdk/GPIO_MIO/Debug/GPIO_MIO.elf' is downloaded to processor 'ps7_cortexa9_0'.
15:29:21 INFO  : 'configparams force-mem-access 0' command is executed.
15:29:21 INFO  : ----------------XSDB Script----------------
connect -url tcp:127.0.0.1:3121
source E:/ZYNQcode/PS/GPIO_MIO/GPIO_MIO.sdk/system_wrapper_hw_platform_0/ps7_init.tcl
targets -set -nocase -filter {name =~"APU*" && jtag_cable_name =~ "Digilent JTAG-SMT2 210251A08870"} -index 0
loadhw -hw E:/ZYNQcode/PS/GPIO_MIO/GPIO_MIO.sdk/system_wrapper_hw_platform_0/system.hdf -mem-ranges [list {0x40000000 0xbfffffff}]
configparams force-mem-access 1
targets -set -nocase -filter {name =~"APU*" && jtag_cable_name =~ "Digilent JTAG-SMT2 210251A08870"} -index 0
stop
ps7_init
ps7_post_config
targets -set -nocase -filter {name =~ "ARM*#0" && jtag_cable_name =~ "Digilent JTAG-SMT2 210251A08870"} -index 0
rst -processor
targets -set -nocase -filter {name =~ "ARM*#0" && jtag_cable_name =~ "Digilent JTAG-SMT2 210251A08870"} -index 0
dow E:/ZYNQcode/PS/GPIO_MIO/GPIO_MIO.sdk/GPIO_MIO/Debug/GPIO_MIO.elf
configparams force-mem-access 0
----------------End of Script----------------

15:29:21 INFO  : Context for processor 'ps7_cortexa9_0' is selected.
15:29:21 INFO  : 'con' command is executed.
15:29:21 INFO  : ----------------XSDB Script (After Launch)----------------
targets -set -nocase -filter {name =~ "ARM*#0" && jtag_cable_name =~ "Digilent JTAG-SMT2 210251A08870"} -index 0
con
----------------End of Script----------------

15:29:21 INFO  : Launch script is exported to file 'E:\ZYNQcode\PS\GPIO_MIO\GPIO_MIO.sdk\.sdk\launch_scripts\xilinx_c-c++_application_(system_debugger)\system_debugger_using_debug_gpio_mio.elf_on_local.tcl'
15:30:15 INFO  : Disconnected from the channel tcfchan#4.
15:57:05 INFO  : Registering command handlers for SDK TCF services
15:57:05 INFO  : Launching XSCT server: xsct.bat -interactive E:\ZYNQcode\PS\GPIO_MIO\GPIO_MIO.sdk\temp_xsdb_launch_script.tcl
15:57:06 INFO  : XSCT server has started successfully.
15:57:06 INFO  : Successfully done setting XSCT server connection channel  
15:57:07 INFO  : Successfully done setting SDK workspace  
15:57:07 INFO  : Processing command line option -hwspec E:/ZYNQcode/PS/GPIO_MIO/GPIO_MIO.sdk/system_wrapper.hdf.
15:57:07 INFO  : Checking for hwspec changes in the project system_wrapper_hw_platform_0.
16:00:24 INFO  : Connected to target on host '127.0.0.1' and port '3121'.
16:00:42 INFO  : ----------------XSDB Script----------------
connect -url tcp:127.0.0.1:3121
----------------End of Script----------------

16:00:42 INFO  : Connected to target on host '127.0.0.1' and port '3121'.
16:01:00 INFO  : ----------------XSDB Script----------------
connect -url tcp:127.0.0.1:3121
----------------End of Script----------------

16:01:00 INFO  : Connected to target on host '127.0.0.1' and port '3121'.
16:01:12 INFO  : Jtag cable 'Digilent JTAG-SMT2 210251A08870' is selected.
16:01:12 INFO  : 'jtag frequency' command is executed.
16:01:12 INFO  : Sourcing of 'E:/ZYNQcode/PS/GPIO_MIO/GPIO_MIO.sdk/system_wrapper_hw_platform_0/ps7_init.tcl' is done.
16:01:12 INFO  : Context for 'APU' is selected.
16:01:12 INFO  : Hardware design information is loaded from 'E:/ZYNQcode/PS/GPIO_MIO/GPIO_MIO.sdk/system_wrapper_hw_platform_0/system.hdf'.
16:01:12 INFO  : 'configparams force-mem-access 1' command is executed.
16:01:12 INFO  : Context for 'APU' is selected.
16:01:12 INFO  : 'stop' command is executed.
16:01:12 INFO  : 'ps7_init' command is executed.
16:01:12 INFO  : 'ps7_post_config' command is executed.
16:01:12 INFO  : Context for processor 'ps7_cortexa9_0' is selected.
16:01:12 INFO  : Processor reset is completed for 'ps7_cortexa9_0'.
16:01:12 INFO  : Context for processor 'ps7_cortexa9_0' is selected.
16:01:12 INFO  : The application 'E:/ZYNQcode/PS/GPIO_MIO/GPIO_MIO.sdk/GPIO_MIO/Debug/GPIO_MIO.elf' is downloaded to processor 'ps7_cortexa9_0'.
16:01:12 INFO  : 'configparams force-mem-access 0' command is executed.
16:01:12 INFO  : ----------------XSDB Script----------------
connect -url tcp:127.0.0.1:3121
source E:/ZYNQcode/PS/GPIO_MIO/GPIO_MIO.sdk/system_wrapper_hw_platform_0/ps7_init.tcl
targets -set -nocase -filter {name =~"APU*" && jtag_cable_name =~ "Digilent JTAG-SMT2 210251A08870"} -index 0
loadhw -hw E:/ZYNQcode/PS/GPIO_MIO/GPIO_MIO.sdk/system_wrapper_hw_platform_0/system.hdf -mem-ranges [list {0x40000000 0xbfffffff}]
configparams force-mem-access 1
targets -set -nocase -filter {name =~"APU*" && jtag_cable_name =~ "Digilent JTAG-SMT2 210251A08870"} -index 0
stop
ps7_init
ps7_post_config
targets -set -nocase -filter {name =~ "ARM*#0" && jtag_cable_name =~ "Digilent JTAG-SMT2 210251A08870"} -index 0
rst -processor
targets -set -nocase -filter {name =~ "ARM*#0" && jtag_cable_name =~ "Digilent JTAG-SMT2 210251A08870"} -index 0
dow E:/ZYNQcode/PS/GPIO_MIO/GPIO_MIO.sdk/GPIO_MIO/Debug/GPIO_MIO.elf
configparams force-mem-access 0
----------------End of Script----------------

16:01:12 INFO  : Context for processor 'ps7_cortexa9_0' is selected.
16:01:12 INFO  : 'con' command is executed.
16:01:12 INFO  : ----------------XSDB Script (After Launch)----------------
targets -set -nocase -filter {name =~ "ARM*#0" && jtag_cable_name =~ "Digilent JTAG-SMT2 210251A08870"} -index 0
con
----------------End of Script----------------

16:01:12 INFO  : Launch script is exported to file 'E:\ZYNQcode\PS\GPIO_MIO\GPIO_MIO.sdk\.sdk\launch_scripts\xilinx_c-c++_application_(system_debugger)\system_debugger_using_debug_gpio_mio.elf_on_local.tcl'
16:07:16 INFO  : Disconnected from the channel tcfchan#1.
