17:52:34 INFO  : Registering command handlers for SDK TCF services
17:52:34 INFO  : Launching XSCT server: xsct.bat -interactive E:\ZYNQcode\PS\Hello_World\Hello_World.sdk\temp_xsdb_launch_script.tcl
17:52:35 INFO  : XSCT server has started successfully.
17:52:36 INFO  : Successfully done setting XSCT server connection channel  
17:52:36 INFO  : Successfully done setting SDK workspace  
17:52:36 INFO  : Processing command line option -hwspec E:/ZYNQcode/PS/Hello_World/Hello_World.sdk/system_wrapper.hdf.
18:59:20 INFO  : Registering command handlers for SDK TCF services
18:59:20 INFO  : Launching XSCT server: xsct.bat -interactive E:\ZYNQcode\PS\Hello_World\Hello_World.sdk\temp_xsdb_launch_script.tcl
18:59:21 INFO  : XSCT server has started successfully.
18:59:21 INFO  : Successfully done setting XSCT server connection channel  
18:59:21 INFO  : Successfully done setting SDK workspace  
18:59:21 INFO  : Processing command line option -hwspec E:/ZYNQcode/PS/Hello_World/Hello_World.sdk/system_wrapper.hdf.
18:59:22 INFO  : Checking for hwspec changes in the project system_wrapper_hw_platform_0.
20:25:28 INFO  : Registering command handlers for SDK TCF services
20:25:29 INFO  : Launching XSCT server: xsct.bat -interactive E:\ZYNQcode\PS\Hello_World\Hello_World.sdk\temp_xsdb_launch_script.tcl
20:25:31 INFO  : XSCT server has started successfully.
20:25:31 INFO  : Successfully done setting XSCT server connection channel  
20:25:31 INFO  : Successfully done setting SDK workspace  
20:25:31 INFO  : Processing command line option -hwspec E:/ZYNQcode/PS/Hello_World/Hello_World.sdk/system_wrapper.hdf.
20:25:31 INFO  : Checking for hwspec changes in the project system_wrapper_hw_platform_0.
20:25:51 INFO  : Connected to target on host '127.0.0.1' and port '3121'.
20:26:09 INFO  : ----------------XSDB Script----------------
connect -url tcp:127.0.0.1:3121
----------------End of Script----------------

20:27:31 INFO  : Connected to target on host '127.0.0.1' and port '3121'.
20:27:49 INFO  : ----------------XSDB Script----------------
connect -url tcp:127.0.0.1:3121
----------------End of Script----------------

20:28:46 INFO  : Connected to target on host '127.0.0.1' and port '3121'.
20:28:46 INFO  : Jtag cable 'Digilent JTAG-SMT2 210251A08870' is selected.
20:28:46 INFO  : 'jtag frequency' command is executed.
20:28:46 INFO  : Sourcing of 'E:/ZYNQcode/PS/Hello_World/Hello_World.sdk/system_wrapper_hw_platform_0/ps7_init.tcl' is done.
20:28:46 INFO  : Context for 'APU' is selected.
20:28:46 INFO  : Hardware design information is loaded from 'E:/ZYNQcode/PS/Hello_World/Hello_World.sdk/system_wrapper_hw_platform_0/system.hdf'.
20:28:46 INFO  : 'configparams force-mem-access 1' command is executed.
20:28:46 INFO  : Context for 'APU' is selected.
20:28:46 INFO  : 'stop' command is executed.
20:28:46 INFO  : 'ps7_init' command is executed.
20:28:46 INFO  : 'ps7_post_config' command is executed.
20:28:46 INFO  : Context for processor 'ps7_cortexa9_0' is selected.
20:28:46 INFO  : Processor reset is completed for 'ps7_cortexa9_0'.
20:28:46 INFO  : Context for processor 'ps7_cortexa9_0' is selected.
20:28:46 INFO  : The application 'E:/ZYNQcode/PS/Hello_World/Hello_World.sdk/Hello_World/Debug/Hello_World.elf' is downloaded to processor 'ps7_cortexa9_0'.
20:28:46 INFO  : 'configparams force-mem-access 0' command is executed.
20:28:46 INFO  : ----------------XSDB Script----------------
connect -url tcp:127.0.0.1:3121
source E:/ZYNQcode/PS/Hello_World/Hello_World.sdk/system_wrapper_hw_platform_0/ps7_init.tcl
targets -set -nocase -filter {name =~"APU*" && jtag_cable_name =~ "Digilent JTAG-SMT2 210251A08870"} -index 0
loadhw -hw E:/ZYNQcode/PS/Hello_World/Hello_World.sdk/system_wrapper_hw_platform_0/system.hdf -mem-ranges [list {0x40000000 0xbfffffff}]
configparams force-mem-access 1
targets -set -nocase -filter {name =~"APU*" && jtag_cable_name =~ "Digilent JTAG-SMT2 210251A08870"} -index 0
stop
ps7_init
ps7_post_config
targets -set -nocase -filter {name =~ "ARM*#0" && jtag_cable_name =~ "Digilent JTAG-SMT2 210251A08870"} -index 0
rst -processor
targets -set -nocase -filter {name =~ "ARM*#0" && jtag_cable_name =~ "Digilent JTAG-SMT2 210251A08870"} -index 0
dow E:/ZYNQcode/PS/Hello_World/Hello_World.sdk/Hello_World/Debug/Hello_World.elf
configparams force-mem-access 0
----------------End of Script----------------

20:28:46 INFO  : Context for processor 'ps7_cortexa9_0' is selected.
20:28:46 INFO  : 'con' command is executed.
20:28:46 INFO  : ----------------XSDB Script (After Launch)----------------
targets -set -nocase -filter {name =~ "ARM*#0" && jtag_cable_name =~ "Digilent JTAG-SMT2 210251A08870"} -index 0
con
----------------End of Script----------------

20:28:46 INFO  : Launch script is exported to file 'E:\ZYNQcode\PS\Hello_World\Hello_World.sdk\.sdk\launch_scripts\xilinx_c-c++_application_(system_debugger)\system_debugger_using_debug_hello_world.elf_on_local.tcl'
20:29:16 INFO  : Disconnected from the channel tcfchan#1.
20:29:17 INFO  : Connected to target on host '127.0.0.1' and port '3121'.
20:29:17 INFO  : Jtag cable 'Digilent JTAG-SMT2 210251A08870' is selected.
20:29:17 INFO  : 'jtag frequency' command is executed.
20:29:17 INFO  : Sourcing of 'E:/ZYNQcode/PS/Hello_World/Hello_World.sdk/system_wrapper_hw_platform_0/ps7_init.tcl' is done.
20:29:17 INFO  : Context for 'APU' is selected.
20:29:18 INFO  : Hardware design information is loaded from 'E:/ZYNQcode/PS/Hello_World/Hello_World.sdk/system_wrapper_hw_platform_0/system.hdf'.
20:29:18 INFO  : 'configparams force-mem-access 1' command is executed.
20:29:18 INFO  : Context for 'APU' is selected.
20:29:18 INFO  : 'stop' command is executed.
20:29:19 INFO  : 'ps7_init' command is executed.
20:29:19 INFO  : 'ps7_post_config' command is executed.
20:29:19 INFO  : Context for processor 'ps7_cortexa9_0' is selected.
20:29:19 INFO  : Processor reset is completed for 'ps7_cortexa9_0'.
20:29:19 INFO  : Context for processor 'ps7_cortexa9_0' is selected.
20:29:19 INFO  : The application 'E:/ZYNQcode/PS/Hello_World/Hello_World.sdk/Hello_World/Debug/Hello_World.elf' is downloaded to processor 'ps7_cortexa9_0'.
20:29:19 INFO  : 'configparams force-mem-access 0' command is executed.
20:29:19 INFO  : ----------------XSDB Script----------------
connect -url tcp:127.0.0.1:3121
source E:/ZYNQcode/PS/Hello_World/Hello_World.sdk/system_wrapper_hw_platform_0/ps7_init.tcl
targets -set -nocase -filter {name =~"APU*" && jtag_cable_name =~ "Digilent JTAG-SMT2 210251A08870"} -index 0
loadhw -hw E:/ZYNQcode/PS/Hello_World/Hello_World.sdk/system_wrapper_hw_platform_0/system.hdf -mem-ranges [list {0x40000000 0xbfffffff}]
configparams force-mem-access 1
targets -set -nocase -filter {name =~"APU*" && jtag_cable_name =~ "Digilent JTAG-SMT2 210251A08870"} -index 0
stop
ps7_init
ps7_post_config
targets -set -nocase -filter {name =~ "ARM*#0" && jtag_cable_name =~ "Digilent JTAG-SMT2 210251A08870"} -index 0
rst -processor
targets -set -nocase -filter {name =~ "ARM*#0" && jtag_cable_name =~ "Digilent JTAG-SMT2 210251A08870"} -index 0
dow E:/ZYNQcode/PS/Hello_World/Hello_World.sdk/Hello_World/Debug/Hello_World.elf
configparams force-mem-access 0
----------------End of Script----------------

20:29:19 INFO  : Context for processor 'ps7_cortexa9_0' is selected.
20:29:19 INFO  : 'con' command is executed.
20:29:19 INFO  : ----------------XSDB Script (After Launch)----------------
targets -set -nocase -filter {name =~ "ARM*#0" && jtag_cable_name =~ "Digilent JTAG-SMT2 210251A08870"} -index 0
con
----------------End of Script----------------

20:29:19 INFO  : Launch script is exported to file 'E:\ZYNQcode\PS\Hello_World\Hello_World.sdk\.sdk\launch_scripts\xilinx_c-c++_application_(system_debugger)\system_debugger_using_debug_hello_world.elf_on_local.tcl'
20:33:54 INFO  : Disconnected from the channel tcfchan#2.
