#-----------------------------------------------------------
# Vivado v2018.3 (64-bit)
# SW Build 2405991 on Thu Dec  6 23:38:27 MST 2018
# IP Build 2404404 on Fri Dec  7 01:43:56 MST 2018
# Start of session at: Thu Apr 13 18:23:10 2023
# Process ID: 24476
# Current directory: E:/ZYNQcode/PL/led_twinkle
# Command line: vivado.exe -gui_launcher_event rodinguilauncherevent20484 E:\ZYNQcode\PL\led_twinkle\led_twinkle.xpr
# Log file: E:/ZYNQcode/PL/led_twinkle/vivado.log
# Journal file: E:/ZYNQcode/PL/led_twinkle\vivado.jou
#-----------------------------------------------------------
start_gui
open_project E:/ZYNQcode/PL/led_twinkle/led_twinkle.xpr
Scanning sources...
Finished scanning sources
INFO: [IP_Flow 19-234] Refreshing IP repositories
INFO: [IP_Flow 19-1704] No user IP repositories specified
INFO: [IP_Flow 19-2313] Loaded Vivado IP repository 'D:/Xilinx/Vivado/2018.3/data/ip'.
exit
INFO: [Common 17-206] Exiting Vivado at Thu Apr 13 18:24:18 2023...
