#-----------------------------------------------------------
# Vivado v2018.3 (64-bit)
# SW Build 2405991 on Thu Dec  6 23:38:27 MST 2018
# IP Build 2404404 on Fri Dec  7 01:43:56 MST 2018
# Start of session at: Mon May  1 14:22:37 2023
# Process ID: 10624
# Current directory: D:/ZYNQcode/PL/ip_clk_wiz
# Command line: vivado.exe -gui_launcher_event rodinguilauncherevent3436 D:\ZYNQcode\PL\ip_clk_wiz\ip_clk_wiz.xpr
# Log file: D:/ZYNQcode/PL/ip_clk_wiz/vivado.log
# Journal file: D:/ZYNQcode/PL/ip_clk_wiz\vivado.jou
#-----------------------------------------------------------
start_gui
open_project D:/ZYNQcode/PL/ip_clk_wiz/ip_clk_wiz.xpr
Scanning sources...
Finished scanning sources
INFO: [IP_Flow 19-234] Refreshing IP repositories
INFO: [IP_Flow 19-1704] No user IP repositories specified
INFO: [IP_Flow 19-2313] Loaded Vivado IP repository 'F:/Xilinx/Vivado/2018.3/data/ip'.
open_project: Time (s): cpu = 00:00:12 ; elapsed = 00:00:06 . Memory (MB): peak = 744.270 ; gain = 96.887
update_compile_order -fileset sources_1
exit
INFO: [Common 17-206] Exiting Vivado at Mon May  1 21:08:21 2023...
