16:16:01 INFO  : Registering command handlers for SDK TCF services
16:16:01 INFO  : Launching XSCT server: xsct.bat -interactive E:\ZYNQcode\PS\GPIO_EMIO\GPIO_EMIO.sdk\temp_xsdb_launch_script.tcl
16:16:02 INFO  : XSCT server has started successfully.
16:16:02 INFO  : Successfully done setting XSCT server connection channel  
16:16:02 INFO  : Successfully done setting SDK workspace  
16:16:02 INFO  : Processing command line option -hwspec E:/ZYNQcode/PS/GPIO_EMIO/GPIO_EMIO.sdk/system_wrapper.hdf.
16:58:53 INFO  : SDK has detected change in the last modified timestamps for source hardware specification file Source:1682067445581,  Project:1682064878796
16:58:53 INFO  : Project system_wrapper_hw_platform_0's source hardware specification located at E:/ZYNQcode/PS/GPIO_EMIO/GPIO_EMIO.sdk/system_wrapper.hdf is now different from the local copy.
		 The local copy will be replaced with the source specification and your workspace will be updated.
17:00:08 INFO  : Copied contents of E:/ZYNQcode/PS/GPIO_EMIO/GPIO_EMIO.sdk/system_wrapper.hdf into \system_wrapper_hw_platform_0\system.hdf.
17:00:10 INFO  : Synchronizing projects in the workspace with the hardware platform specification changes.
17:00:11 INFO  : 
17:00:12 INFO  : Updating hardware inferred compiler options for GPIO_EMIO.
17:00:12 INFO  : Clearing existing target manager status.
17:00:12 INFO  : Closing and re-opening the MSS file of ther project GPIO_EMIO_bsp
17:00:13 INFO  : Workspace synchronized with the new hardware specification file. Cleaning dependent projects...
17:00:13 WARN  : Linker script will not be updated automatically. Users need to update it manually.
17:13:00 INFO  : Connected to target on host '127.0.0.1' and port '3121'.
17:13:00 INFO  : 'targets -set -filter {jtag_cable_name =~ "Digilent JTAG-SMT2 210251A08870" && level==0} -index 1' command is executed.
17:13:01 INFO  : FPGA configured successfully with bitstream "E:/ZYNQcode/PS/GPIO_EMIO/GPIO_EMIO.sdk/system_wrapper_hw_platform_0/system_wrapper.bit"
17:21:48 INFO  : Connected to target on host '127.0.0.1' and port '3121'.
17:22:15 INFO  : Connected to target on host '127.0.0.1' and port '3121'.
17:22:15 INFO  : 'targets -set -filter {jtag_cable_name =~ "Digilent JTAG-SMT2 210251A08870" && level==0} -index 1' command is executed.
17:22:16 INFO  : FPGA configured successfully with bitstream "E:/ZYNQcode/PS/GPIO_EMIO/GPIO_EMIO.sdk/system_wrapper_hw_platform_0/system_wrapper.bit"
17:22:37 INFO  : 'targets -set -filter {jtag_cable_name =~ "Digilent JTAG-SMT2 210251A08870" && level==0} -index 1' command is executed.
17:22:37 INFO  : 'fpga -state' command is executed.
17:22:37 INFO  : Connected to target on host '127.0.0.1' and port '3121'.
17:22:37 INFO  : Jtag cable 'Digilent JTAG-SMT2 210251A08870' is selected.
17:22:37 INFO  : 'jtag frequency' command is executed.
17:22:37 INFO  : Sourcing of 'E:/ZYNQcode/PS/GPIO_EMIO/GPIO_EMIO.sdk/system_wrapper_hw_platform_0/ps7_init.tcl' is done.
17:22:37 INFO  : Context for 'APU' is selected.
17:22:37 INFO  : Hardware design information is loaded from 'E:/ZYNQcode/PS/GPIO_EMIO/GPIO_EMIO.sdk/system_wrapper_hw_platform_0/system.hdf'.
17:22:37 INFO  : 'configparams force-mem-access 1' command is executed.
17:22:37 INFO  : Context for 'APU' is selected.
17:22:37 INFO  : 'stop' command is executed.
17:22:38 INFO  : 'ps7_init' command is executed.
17:22:38 INFO  : 'ps7_post_config' command is executed.
17:22:38 INFO  : Context for processor 'ps7_cortexa9_0' is selected.
17:22:38 INFO  : Processor reset is completed for 'ps7_cortexa9_0'.
17:22:38 INFO  : Context for processor 'ps7_cortexa9_0' is selected.
17:22:38 INFO  : The application 'E:/ZYNQcode/PS/GPIO_EMIO/GPIO_EMIO.sdk/GPIO_EMIO/Debug/GPIO_EMIO.elf' is downloaded to processor 'ps7_cortexa9_0'.
17:22:38 INFO  : 'configparams force-mem-access 0' command is executed.
17:22:38 INFO  : ----------------XSDB Script----------------
connect -url tcp:127.0.0.1:3121
source E:/ZYNQcode/PS/GPIO_EMIO/GPIO_EMIO.sdk/system_wrapper_hw_platform_0/ps7_init.tcl
targets -set -nocase -filter {name =~"APU*" && jtag_cable_name =~ "Digilent JTAG-SMT2 210251A08870"} -index 0
loadhw -hw E:/ZYNQcode/PS/GPIO_EMIO/GPIO_EMIO.sdk/system_wrapper_hw_platform_0/system.hdf -mem-ranges [list {0x40000000 0xbfffffff}]
configparams force-mem-access 1
targets -set -nocase -filter {name =~"APU*" && jtag_cable_name =~ "Digilent JTAG-SMT2 210251A08870"} -index 0
stop
ps7_init
ps7_post_config
targets -set -nocase -filter {name =~ "ARM*#0" && jtag_cable_name =~ "Digilent JTAG-SMT2 210251A08870"} -index 0
rst -processor
targets -set -nocase -filter {name =~ "ARM*#0" && jtag_cable_name =~ "Digilent JTAG-SMT2 210251A08870"} -index 0
dow E:/ZYNQcode/PS/GPIO_EMIO/GPIO_EMIO.sdk/GPIO_EMIO/Debug/GPIO_EMIO.elf
configparams force-mem-access 0
----------------End of Script----------------

17:22:38 INFO  : Memory regions updated for context APU
17:22:38 INFO  : Context for processor 'ps7_cortexa9_0' is selected.
17:22:38 INFO  : 'con' command is executed.
17:22:38 INFO  : ----------------XSDB Script (After Launch)----------------
targets -set -nocase -filter {name =~ "ARM*#0" && jtag_cable_name =~ "Digilent JTAG-SMT2 210251A08870"} -index 0
con
----------------End of Script----------------

17:22:38 INFO  : Launch script is exported to file 'E:\ZYNQcode\PS\GPIO_EMIO\GPIO_EMIO.sdk\.sdk\launch_scripts\xilinx_c-c++_application_(system_debugger)\system_debugger_using_debug_gpio_emio.elf_on_local.tcl'
17:26:50 INFO  : Disconnected from the channel tcfchan#1.
17:26:51 INFO  : 'targets -set -filter {jtag_cable_name =~ "Digilent JTAG-SMT2 210251A08870" && level==0} -index 1' command is executed.
17:26:51 INFO  : 'fpga -state' command is executed.
17:26:51 INFO  : Connected to target on host '127.0.0.1' and port '3121'.
17:26:51 INFO  : Jtag cable 'Digilent JTAG-SMT2 210251A08870' is selected.
17:26:51 INFO  : 'jtag frequency' command is executed.
17:26:51 INFO  : Sourcing of 'E:/ZYNQcode/PS/GPIO_EMIO/GPIO_EMIO.sdk/system_wrapper_hw_platform_0/ps7_init.tcl' is done.
17:26:51 INFO  : Context for 'APU' is selected.
17:26:52 INFO  : Hardware design information is loaded from 'E:/ZYNQcode/PS/GPIO_EMIO/GPIO_EMIO.sdk/system_wrapper_hw_platform_0/system.hdf'.
17:26:52 INFO  : 'configparams force-mem-access 1' command is executed.
17:26:52 INFO  : Context for 'APU' is selected.
17:26:52 INFO  : 'stop' command is executed.
17:26:52 INFO  : 'ps7_init' command is executed.
17:26:52 INFO  : 'ps7_post_config' command is executed.
17:26:52 INFO  : Context for processor 'ps7_cortexa9_0' is selected.
17:26:52 INFO  : Processor reset is completed for 'ps7_cortexa9_0'.
17:26:52 INFO  : Context for processor 'ps7_cortexa9_0' is selected.
17:26:53 INFO  : The application 'E:/ZYNQcode/PS/GPIO_EMIO/GPIO_EMIO.sdk/GPIO_EMIO/Debug/GPIO_EMIO.elf' is downloaded to processor 'ps7_cortexa9_0'.
17:26:53 INFO  : 'configparams force-mem-access 0' command is executed.
17:26:53 INFO  : ----------------XSDB Script----------------
connect -url tcp:127.0.0.1:3121
source E:/ZYNQcode/PS/GPIO_EMIO/GPIO_EMIO.sdk/system_wrapper_hw_platform_0/ps7_init.tcl
targets -set -nocase -filter {name =~"APU*" && jtag_cable_name =~ "Digilent JTAG-SMT2 210251A08870"} -index 0
loadhw -hw E:/ZYNQcode/PS/GPIO_EMIO/GPIO_EMIO.sdk/system_wrapper_hw_platform_0/system.hdf -mem-ranges [list {0x40000000 0xbfffffff}]
configparams force-mem-access 1
targets -set -nocase -filter {name =~"APU*" && jtag_cable_name =~ "Digilent JTAG-SMT2 210251A08870"} -index 0
stop
ps7_init
ps7_post_config
targets -set -nocase -filter {name =~ "ARM*#0" && jtag_cable_name =~ "Digilent JTAG-SMT2 210251A08870"} -index 0
rst -processor
targets -set -nocase -filter {name =~ "ARM*#0" && jtag_cable_name =~ "Digilent JTAG-SMT2 210251A08870"} -index 0
dow E:/ZYNQcode/PS/GPIO_EMIO/GPIO_EMIO.sdk/GPIO_EMIO/Debug/GPIO_EMIO.elf
configparams force-mem-access 0
----------------End of Script----------------

17:26:53 INFO  : Memory regions updated for context APU
17:26:53 INFO  : Context for processor 'ps7_cortexa9_0' is selected.
17:26:53 INFO  : 'con' command is executed.
17:26:53 INFO  : ----------------XSDB Script (After Launch)----------------
targets -set -nocase -filter {name =~ "ARM*#0" && jtag_cable_name =~ "Digilent JTAG-SMT2 210251A08870"} -index 0
con
----------------End of Script----------------

17:26:53 INFO  : Launch script is exported to file 'E:\ZYNQcode\PS\GPIO_EMIO\GPIO_EMIO.sdk\.sdk\launch_scripts\xilinx_c-c++_application_(system_debugger)\system_debugger_using_debug_gpio_emio.elf_on_local.tcl'
17:28:23 INFO  : Disconnected from the channel tcfchan#2.
17:28:24 INFO  : 'targets -set -filter {jtag_cable_name =~ "Digilent JTAG-SMT2 210251A08870" && level==0} -index 1' command is executed.
17:28:24 INFO  : 'fpga -state' command is executed.
17:28:24 INFO  : Connected to target on host '127.0.0.1' and port '3121'.
17:28:24 INFO  : Jtag cable 'Digilent JTAG-SMT2 210251A08870' is selected.
17:28:24 INFO  : 'jtag frequency' command is executed.
17:28:24 INFO  : Sourcing of 'E:/ZYNQcode/PS/GPIO_EMIO/GPIO_EMIO.sdk/system_wrapper_hw_platform_0/ps7_init.tcl' is done.
17:28:24 INFO  : Context for 'APU' is selected.
17:28:24 INFO  : Hardware design information is loaded from 'E:/ZYNQcode/PS/GPIO_EMIO/GPIO_EMIO.sdk/system_wrapper_hw_platform_0/system.hdf'.
17:28:24 INFO  : 'configparams force-mem-access 1' command is executed.
17:28:24 INFO  : Context for 'APU' is selected.
17:28:24 INFO  : 'stop' command is executed.
17:28:24 INFO  : 'ps7_init' command is executed.
17:28:24 INFO  : 'ps7_post_config' command is executed.
17:28:24 INFO  : Context for processor 'ps7_cortexa9_0' is selected.
17:28:24 INFO  : Processor reset is completed for 'ps7_cortexa9_0'.
17:28:24 INFO  : Context for processor 'ps7_cortexa9_0' is selected.
17:28:24 INFO  : The application 'E:/ZYNQcode/PS/GPIO_EMIO/GPIO_EMIO.sdk/GPIO_EMIO/Debug/GPIO_EMIO.elf' is downloaded to processor 'ps7_cortexa9_0'.
17:28:24 INFO  : 'configparams force-mem-access 0' command is executed.
17:28:24 INFO  : ----------------XSDB Script----------------
connect -url tcp:127.0.0.1:3121
source E:/ZYNQcode/PS/GPIO_EMIO/GPIO_EMIO.sdk/system_wrapper_hw_platform_0/ps7_init.tcl
targets -set -nocase -filter {name =~"APU*" && jtag_cable_name =~ "Digilent JTAG-SMT2 210251A08870"} -index 0
loadhw -hw E:/ZYNQcode/PS/GPIO_EMIO/GPIO_EMIO.sdk/system_wrapper_hw_platform_0/system.hdf -mem-ranges [list {0x40000000 0xbfffffff}]
configparams force-mem-access 1
targets -set -nocase -filter {name =~"APU*" && jtag_cable_name =~ "Digilent JTAG-SMT2 210251A08870"} -index 0
stop
ps7_init
ps7_post_config
targets -set -nocase -filter {name =~ "ARM*#0" && jtag_cable_name =~ "Digilent JTAG-SMT2 210251A08870"} -index 0
rst -processor
targets -set -nocase -filter {name =~ "ARM*#0" && jtag_cable_name =~ "Digilent JTAG-SMT2 210251A08870"} -index 0
dow E:/ZYNQcode/PS/GPIO_EMIO/GPIO_EMIO.sdk/GPIO_EMIO/Debug/GPIO_EMIO.elf
configparams force-mem-access 0
----------------End of Script----------------

17:28:24 INFO  : Memory regions updated for context APU
17:28:24 INFO  : Context for processor 'ps7_cortexa9_0' is selected.
17:28:24 INFO  : 'con' command is executed.
17:28:24 INFO  : ----------------XSDB Script (After Launch)----------------
targets -set -nocase -filter {name =~ "ARM*#0" && jtag_cable_name =~ "Digilent JTAG-SMT2 210251A08870"} -index 0
con
----------------End of Script----------------

17:28:24 INFO  : Launch script is exported to file 'E:\ZYNQcode\PS\GPIO_EMIO\GPIO_EMIO.sdk\.sdk\launch_scripts\xilinx_c-c++_application_(system_debugger)\system_debugger_using_debug_gpio_emio.elf_on_local.tcl'
17:38:11 INFO  : Disconnected from the channel tcfchan#3.
20:15:53 INFO  : Registering command handlers for SDK TCF services
20:15:53 INFO  : Launching XSCT server: xsct.bat -interactive E:\ZYNQcode\PS\GPIO_EMIO\GPIO_EMIO.sdk\temp_xsdb_launch_script.tcl
20:15:56 INFO  : XSCT server has started successfully.
20:15:56 INFO  : Successfully done setting XSCT server connection channel  
20:15:56 INFO  : Successfully done setting SDK workspace  
20:15:56 INFO  : Processing command line option -hwspec E:/ZYNQcode/PS/GPIO_EMIO/GPIO_EMIO.sdk/system_wrapper.hdf.
20:15:56 INFO  : Checking for hwspec changes in the project system_wrapper_hw_platform_0.
20:38:58 INFO  : Registering command handlers for SDK TCF services
20:38:59 INFO  : Launching XSCT server: xsct.bat -interactive E:\ZYNQcode\PS\GPIO_EMIO\GPIO_EMIO.sdk\temp_xsdb_launch_script.tcl
20:39:00 INFO  : XSCT server has started successfully.
20:39:00 INFO  : Successfully done setting XSCT server connection channel  
20:39:00 INFO  : Successfully done setting SDK workspace  
20:39:00 INFO  : Processing command line option -hwspec E:/ZYNQcode/PS/GPIO_EMIO/GPIO_EMIO.sdk/system_wrapper.hdf.
20:39:00 INFO  : Checking for hwspec changes in the project system_wrapper_hw_platform_0.
20:39:07 INFO  : Connected to target on host '127.0.0.1' and port '3121'.
20:39:07 INFO  : 'targets -set -filter {jtag_cable_name =~ "Digilent JTAG-SMT2 210251A08870" && level==0} -index 1' command is executed.
20:39:08 INFO  : FPGA configured successfully with bitstream "E:/ZYNQcode/PS/GPIO_EMIO/GPIO_EMIO.sdk/system_wrapper_hw_platform_0/system_wrapper.bit"
20:39:26 INFO  : 'targets -set -filter {jtag_cable_name =~ "Digilent JTAG-SMT2 210251A08870" && level==0} -index 1' command is executed.
20:39:26 INFO  : 'fpga -state' command is executed.
20:39:26 INFO  : Connected to target on host '127.0.0.1' and port '3121'.
20:39:26 INFO  : Jtag cable 'Digilent JTAG-SMT2 210251A08870' is selected.
20:39:26 INFO  : 'jtag frequency' command is executed.
20:39:26 INFO  : Sourcing of 'E:/ZYNQcode/PS/GPIO_EMIO/GPIO_EMIO.sdk/system_wrapper_hw_platform_0/ps7_init.tcl' is done.
20:39:26 INFO  : Context for 'APU' is selected.
20:39:26 INFO  : Hardware design information is loaded from 'E:/ZYNQcode/PS/GPIO_EMIO/GPIO_EMIO.sdk/system_wrapper_hw_platform_0/system.hdf'.
20:39:26 INFO  : 'configparams force-mem-access 1' command is executed.
20:39:26 INFO  : Context for 'APU' is selected.
20:39:26 INFO  : 'stop' command is executed.
20:39:27 INFO  : 'ps7_init' command is executed.
20:39:27 INFO  : 'ps7_post_config' command is executed.
20:39:27 INFO  : Context for processor 'ps7_cortexa9_0' is selected.
20:39:27 INFO  : Processor reset is completed for 'ps7_cortexa9_0'.
20:39:27 INFO  : Context for processor 'ps7_cortexa9_0' is selected.
20:39:27 INFO  : The application 'E:/ZYNQcode/PS/GPIO_EMIO/GPIO_EMIO.sdk/GPIO_EMIO/Debug/GPIO_EMIO.elf' is downloaded to processor 'ps7_cortexa9_0'.
20:39:27 INFO  : 'configparams force-mem-access 0' command is executed.
20:39:27 INFO  : ----------------XSDB Script----------------
connect -url tcp:127.0.0.1:3121
source E:/ZYNQcode/PS/GPIO_EMIO/GPIO_EMIO.sdk/system_wrapper_hw_platform_0/ps7_init.tcl
targets -set -nocase -filter {name =~"APU*" && jtag_cable_name =~ "Digilent JTAG-SMT2 210251A08870"} -index 0
loadhw -hw E:/ZYNQcode/PS/GPIO_EMIO/GPIO_EMIO.sdk/system_wrapper_hw_platform_0/system.hdf -mem-ranges [list {0x40000000 0xbfffffff}]
configparams force-mem-access 1
targets -set -nocase -filter {name =~"APU*" && jtag_cable_name =~ "Digilent JTAG-SMT2 210251A08870"} -index 0
stop
ps7_init
ps7_post_config
targets -set -nocase -filter {name =~ "ARM*#0" && jtag_cable_name =~ "Digilent JTAG-SMT2 210251A08870"} -index 0
rst -processor
targets -set -nocase -filter {name =~ "ARM*#0" && jtag_cable_name =~ "Digilent JTAG-SMT2 210251A08870"} -index 0
dow E:/ZYNQcode/PS/GPIO_EMIO/GPIO_EMIO.sdk/GPIO_EMIO/Debug/GPIO_EMIO.elf
configparams force-mem-access 0
----------------End of Script----------------

20:39:27 INFO  : Memory regions updated for context APU
20:39:27 INFO  : Context for processor 'ps7_cortexa9_0' is selected.
20:39:27 INFO  : 'con' command is executed.
20:39:27 INFO  : ----------------XSDB Script (After Launch)----------------
targets -set -nocase -filter {name =~ "ARM*#0" && jtag_cable_name =~ "Digilent JTAG-SMT2 210251A08870"} -index 0
con
----------------End of Script----------------

20:39:27 INFO  : Launch script is exported to file 'E:\ZYNQcode\PS\GPIO_EMIO\GPIO_EMIO.sdk\.sdk\launch_scripts\xilinx_c-c++_application_(system_debugger)\system_debugger_using_debug_gpio_emio.elf_on_local.tcl'
20:39:37 INFO  : Disconnected from the channel tcfchan#1.
20:46:37 INFO  : Registering command handlers for SDK TCF services
20:46:37 INFO  : Launching XSCT server: xsct.bat -interactive E:\ZYNQcode\PS\GPIO_EMIO\GPIO_EMIO.sdk\temp_xsdb_launch_script.tcl
20:46:38 INFO  : XSCT server has started successfully.
20:46:38 INFO  : Successfully done setting XSCT server connection channel  
20:46:38 INFO  : Successfully done setting SDK workspace  
20:46:38 INFO  : Processing command line option -hwspec E:/ZYNQcode/PS/GPIO_EMIO/GPIO_EMIO.sdk/system_wrapper.hdf.
20:46:38 INFO  : Checking for hwspec changes in the project system_wrapper_hw_platform_0.
