16:11:51 INFO  : Registering command handlers for SDK TCF services
16:11:51 INFO  : Launching XSCT server: xsct.bat -interactive E:\ZYNQcode\PS\GPIO_AXI\GPIO_AXI.sdk\temp_xsdb_launch_script.tcl
16:11:52 INFO  : XSCT server has started successfully.
16:11:52 INFO  : Successfully done setting XSCT server connection channel  
16:11:52 INFO  : Successfully done setting SDK workspace  
16:11:52 INFO  : Processing command line option -hwspec E:/ZYNQcode/PS/GPIO_AXI/GPIO_AXI.sdk/system_wrapper.hdf.
16:14:04 INFO  : Example project GPIO_AXI_bsp_xgpio_intr_tapp_example_1 has been created successfully.
12:27:38 INFO  : Registering command handlers for SDK TCF services
12:27:38 INFO  : Launching XSCT server: xsct.bat -interactive E:\ZYNQcode\PS\GPIO_AXI\GPIO_AXI.sdk\temp_xsdb_launch_script.tcl
12:27:40 INFO  : XSCT server has started successfully.
12:27:40 INFO  : Successfully done setting XSCT server connection channel  
12:27:40 INFO  : Successfully done setting SDK workspace  
12:27:40 INFO  : Processing command line option -hwspec E:/ZYNQcode/PS/GPIO_AXI/GPIO_AXI.sdk/system_wrapper.hdf.
12:27:40 INFO  : Checking for hwspec changes in the project system_wrapper_hw_platform_0.
14:55:21 INFO  : Registering command handlers for SDK TCF services
14:55:22 INFO  : Launching XSCT server: xsct.bat -interactive E:\ZYNQcode\PS\GPIO_AXI\GPIO_AXI.sdk\temp_xsdb_launch_script.tcl
14:55:23 INFO  : XSCT server has started successfully.
14:55:23 INFO  : Successfully done setting XSCT server connection channel  
14:55:23 INFO  : Successfully done setting SDK workspace  
14:55:23 INFO  : Processing command line option -hwspec E:/ZYNQcode/PS/GPIO_AXI/GPIO_AXI.sdk/system_wrapper.hdf.
14:55:23 INFO  : Checking for hwspec changes in the project system_wrapper_hw_platform_0.
16:05:33 INFO  : Connected to target on host '127.0.0.1' and port '3121'.
16:05:56 INFO  : Connected to target on host '127.0.0.1' and port '3121'.
16:05:56 INFO  : 'targets -set -filter {jtag_cable_name =~ "Digilent JTAG-SMT2 210251A08870" && level==0} -index 1' command is executed.
16:05:57 INFO  : FPGA configured successfully with bitstream "E:/ZYNQcode/PS/GPIO_AXI/GPIO_AXI.sdk/system_wrapper_hw_platform_0/system_wrapper.bit"
16:06:07 INFO  : 'targets -set -filter {jtag_cable_name =~ "Digilent JTAG-SMT2 210251A08870" && level==0} -index 1' command is executed.
16:06:07 INFO  : 'fpga -state' command is executed.
16:06:07 INFO  : Connected to target on host '127.0.0.1' and port '3121'.
16:06:07 INFO  : Jtag cable 'Digilent JTAG-SMT2 210251A08870' is selected.
16:06:07 INFO  : 'jtag frequency' command is executed.
16:06:07 INFO  : Sourcing of 'E:/ZYNQcode/PS/GPIO_AXI/GPIO_AXI.sdk/system_wrapper_hw_platform_0/ps7_init.tcl' is done.
16:06:07 INFO  : Context for 'APU' is selected.
16:06:07 INFO  : Hardware design information is loaded from 'E:/ZYNQcode/PS/GPIO_AXI/GPIO_AXI.sdk/system_wrapper_hw_platform_0/system.hdf'.
16:06:07 INFO  : 'configparams force-mem-access 1' command is executed.
16:06:07 INFO  : Context for 'APU' is selected.
16:06:08 INFO  : 'stop' command is executed.
16:06:08 INFO  : 'ps7_init' command is executed.
16:06:08 INFO  : 'ps7_post_config' command is executed.
16:06:08 INFO  : Context for processor 'ps7_cortexa9_0' is selected.
16:06:08 INFO  : Processor reset is completed for 'ps7_cortexa9_0'.
16:06:08 INFO  : Context for processor 'ps7_cortexa9_0' is selected.
16:06:08 INFO  : The application 'E:/ZYNQcode/PS/GPIO_AXI/GPIO_AXI.sdk/GPIO_AXI/Debug/GPIO_AXI.elf' is downloaded to processor 'ps7_cortexa9_0'.
16:06:08 INFO  : 'configparams force-mem-access 0' command is executed.
16:06:08 INFO  : ----------------XSDB Script----------------
connect -url tcp:127.0.0.1:3121
source E:/ZYNQcode/PS/GPIO_AXI/GPIO_AXI.sdk/system_wrapper_hw_platform_0/ps7_init.tcl
targets -set -nocase -filter {name =~"APU*" && jtag_cable_name =~ "Digilent JTAG-SMT2 210251A08870"} -index 0
loadhw -hw E:/ZYNQcode/PS/GPIO_AXI/GPIO_AXI.sdk/system_wrapper_hw_platform_0/system.hdf -mem-ranges [list {0x40000000 0xbfffffff}]
configparams force-mem-access 1
targets -set -nocase -filter {name =~"APU*" && jtag_cable_name =~ "Digilent JTAG-SMT2 210251A08870"} -index 0
stop
ps7_init
ps7_post_config
targets -set -nocase -filter {name =~ "ARM*#0" && jtag_cable_name =~ "Digilent JTAG-SMT2 210251A08870"} -index 0
rst -processor
targets -set -nocase -filter {name =~ "ARM*#0" && jtag_cable_name =~ "Digilent JTAG-SMT2 210251A08870"} -index 0
dow E:/ZYNQcode/PS/GPIO_AXI/GPIO_AXI.sdk/GPIO_AXI/Debug/GPIO_AXI.elf
configparams force-mem-access 0
----------------End of Script----------------

16:06:08 INFO  : Memory regions updated for context APU
16:06:08 INFO  : Context for processor 'ps7_cortexa9_0' is selected.
16:06:08 INFO  : 'con' command is executed.
16:06:08 INFO  : ----------------XSDB Script (After Launch)----------------
targets -set -nocase -filter {name =~ "ARM*#0" && jtag_cable_name =~ "Digilent JTAG-SMT2 210251A08870"} -index 0
con
----------------End of Script----------------

16:06:08 INFO  : Launch script is exported to file 'E:\ZYNQcode\PS\GPIO_AXI\GPIO_AXI.sdk\.sdk\launch_scripts\xilinx_c-c++_application_(system_debugger)\system_debugger_using_debug_gpio_axi.elf_on_local.tcl'
16:06:19 INFO  : Disconnected from the channel tcfchan#1.
16:06:20 INFO  : 'targets -set -filter {jtag_cable_name =~ "Digilent JTAG-SMT2 210251A08870" && level==0} -index 1' command is executed.
16:06:20 INFO  : 'fpga -state' command is executed.
16:06:20 INFO  : Connected to target on host '127.0.0.1' and port '3121'.
16:06:20 INFO  : Jtag cable 'Digilent JTAG-SMT2 210251A08870' is selected.
16:06:20 INFO  : 'jtag frequency' command is executed.
16:06:20 INFO  : Sourcing of 'E:/ZYNQcode/PS/GPIO_AXI/GPIO_AXI.sdk/system_wrapper_hw_platform_0/ps7_init.tcl' is done.
16:06:20 INFO  : Context for 'APU' is selected.
16:06:21 INFO  : Hardware design information is loaded from 'E:/ZYNQcode/PS/GPIO_AXI/GPIO_AXI.sdk/system_wrapper_hw_platform_0/system.hdf'.
16:06:21 INFO  : 'configparams force-mem-access 1' command is executed.
16:06:21 INFO  : Context for 'APU' is selected.
16:06:21 INFO  : 'stop' command is executed.
16:06:21 INFO  : 'ps7_init' command is executed.
16:06:21 INFO  : 'ps7_post_config' command is executed.
16:06:21 INFO  : Context for processor 'ps7_cortexa9_0' is selected.
16:06:21 INFO  : Processor reset is completed for 'ps7_cortexa9_0'.
16:06:21 INFO  : Context for processor 'ps7_cortexa9_0' is selected.
16:06:21 INFO  : The application 'E:/ZYNQcode/PS/GPIO_AXI/GPIO_AXI.sdk/GPIO_AXI/Debug/GPIO_AXI.elf' is downloaded to processor 'ps7_cortexa9_0'.
16:06:21 INFO  : 'configparams force-mem-access 0' command is executed.
16:06:21 INFO  : ----------------XSDB Script----------------
connect -url tcp:127.0.0.1:3121
source E:/ZYNQcode/PS/GPIO_AXI/GPIO_AXI.sdk/system_wrapper_hw_platform_0/ps7_init.tcl
targets -set -nocase -filter {name =~"APU*" && jtag_cable_name =~ "Digilent JTAG-SMT2 210251A08870"} -index 0
loadhw -hw E:/ZYNQcode/PS/GPIO_AXI/GPIO_AXI.sdk/system_wrapper_hw_platform_0/system.hdf -mem-ranges [list {0x40000000 0xbfffffff}]
configparams force-mem-access 1
targets -set -nocase -filter {name =~"APU*" && jtag_cable_name =~ "Digilent JTAG-SMT2 210251A08870"} -index 0
stop
ps7_init
ps7_post_config
targets -set -nocase -filter {name =~ "ARM*#0" && jtag_cable_name =~ "Digilent JTAG-SMT2 210251A08870"} -index 0
rst -processor
targets -set -nocase -filter {name =~ "ARM*#0" && jtag_cable_name =~ "Digilent JTAG-SMT2 210251A08870"} -index 0
dow E:/ZYNQcode/PS/GPIO_AXI/GPIO_AXI.sdk/GPIO_AXI/Debug/GPIO_AXI.elf
configparams force-mem-access 0
----------------End of Script----------------

16:06:21 INFO  : Memory regions updated for context APU
16:06:21 INFO  : Context for processor 'ps7_cortexa9_0' is selected.
16:06:21 INFO  : 'con' command is executed.
16:06:21 INFO  : ----------------XSDB Script (After Launch)----------------
targets -set -nocase -filter {name =~ "ARM*#0" && jtag_cable_name =~ "Digilent JTAG-SMT2 210251A08870"} -index 0
con
----------------End of Script----------------

16:06:21 INFO  : Launch script is exported to file 'E:\ZYNQcode\PS\GPIO_AXI\GPIO_AXI.sdk\.sdk\launch_scripts\xilinx_c-c++_application_(system_debugger)\system_debugger_using_debug_gpio_axi.elf_on_local.tcl'
16:09:07 INFO  : Disconnected from the channel tcfchan#2.
16:09:08 INFO  : Connected to target on host '127.0.0.1' and port '3121'.
16:09:08 INFO  : Jtag cable 'Digilent JTAG-SMT2 210251A08870' is selected.
16:09:08 INFO  : 'jtag frequency' command is executed.
16:09:08 INFO  : Sourcing of 'E:/ZYNQcode/PS/GPIO_AXI/GPIO_AXI.sdk/system_wrapper_hw_platform_0/ps7_init.tcl' is done.
16:09:08 INFO  : Context for 'APU' is selected.
16:09:08 INFO  : System reset is completed.
16:09:11 INFO  : 'after 3000' command is executed.
16:09:11 INFO  : 'targets -set -filter {jtag_cable_name =~ "Digilent JTAG-SMT2 210251A08870" && level==0} -index 1' command is executed.
16:09:12 INFO  : FPGA configured successfully with bitstream "E:/ZYNQcode/PS/GPIO_AXI/GPIO_AXI.sdk/system_wrapper_hw_platform_0/system_wrapper.bit"
16:09:12 INFO  : Context for 'APU' is selected.
16:09:13 INFO  : Hardware design information is loaded from 'E:/ZYNQcode/PS/GPIO_AXI/GPIO_AXI.sdk/system_wrapper_hw_platform_0/system.hdf'.
16:09:13 INFO  : 'configparams force-mem-access 1' command is executed.
16:09:13 INFO  : Context for 'APU' is selected.
16:09:13 INFO  : 'ps7_init' command is executed.
16:09:13 INFO  : 'ps7_post_config' command is executed.
16:09:13 INFO  : Context for processor 'ps7_cortexa9_0' is selected.
16:09:14 INFO  : The application 'E:/ZYNQcode/PS/GPIO_AXI/GPIO_AXI.sdk/GPIO_AXI/Debug/GPIO_AXI.elf' is downloaded to processor 'ps7_cortexa9_0'.
16:09:14 INFO  : 'configparams force-mem-access 0' command is executed.
16:09:14 INFO  : ----------------XSDB Script----------------
connect -url tcp:127.0.0.1:3121
source E:/ZYNQcode/PS/GPIO_AXI/GPIO_AXI.sdk/system_wrapper_hw_platform_0/ps7_init.tcl
targets -set -nocase -filter {name =~"APU*" && jtag_cable_name =~ "Digilent JTAG-SMT2 210251A08870"} -index 0
rst -system
after 3000
targets -set -filter {jtag_cable_name =~ "Digilent JTAG-SMT2 210251A08870" && level==0} -index 1
fpga -file E:/ZYNQcode/PS/GPIO_AXI/GPIO_AXI.sdk/system_wrapper_hw_platform_0/system_wrapper.bit
targets -set -nocase -filter {name =~"APU*" && jtag_cable_name =~ "Digilent JTAG-SMT2 210251A08870"} -index 0
loadhw -hw E:/ZYNQcode/PS/GPIO_AXI/GPIO_AXI.sdk/system_wrapper_hw_platform_0/system.hdf -mem-ranges [list {0x40000000 0xbfffffff}]
configparams force-mem-access 1
targets -set -nocase -filter {name =~"APU*" && jtag_cable_name =~ "Digilent JTAG-SMT2 210251A08870"} -index 0
ps7_init
ps7_post_config
targets -set -nocase -filter {name =~ "ARM*#0" && jtag_cable_name =~ "Digilent JTAG-SMT2 210251A08870"} -index 0
dow E:/ZYNQcode/PS/GPIO_AXI/GPIO_AXI.sdk/GPIO_AXI/Debug/GPIO_AXI.elf
configparams force-mem-access 0
----------------End of Script----------------

16:09:14 INFO  : Memory regions updated for context APU
16:09:14 INFO  : Context for processor 'ps7_cortexa9_0' is selected.
16:09:14 INFO  : 'con' command is executed.
16:09:14 INFO  : ----------------XSDB Script (After Launch)----------------
targets -set -nocase -filter {name =~ "ARM*#0" && jtag_cable_name =~ "Digilent JTAG-SMT2 210251A08870"} -index 0
con
----------------End of Script----------------

16:09:14 INFO  : Launch script is exported to file 'E:\ZYNQcode\PS\GPIO_AXI\GPIO_AXI.sdk\.sdk\launch_scripts\xilinx_c-c++_application_(system_debugger)\system_debugger_using_debug_gpio_axi.elf_on_local.tcl'
16:13:51 INFO  : Disconnected from the channel tcfchan#3.
16:13:52 INFO  : Connected to target on host '127.0.0.1' and port '3121'.
16:13:52 INFO  : Jtag cable 'Digilent JTAG-SMT2 210251A08870' is selected.
16:13:52 INFO  : 'jtag frequency' command is executed.
16:13:52 INFO  : Sourcing of 'E:/ZYNQcode/PS/GPIO_AXI/GPIO_AXI.sdk/system_wrapper_hw_platform_0/ps7_init.tcl' is done.
16:13:52 INFO  : Context for 'APU' is selected.
16:13:52 INFO  : System reset is completed.
16:13:55 INFO  : 'after 3000' command is executed.
16:13:55 INFO  : 'targets -set -filter {jtag_cable_name =~ "Digilent JTAG-SMT2 210251A08870" && level==0} -index 1' command is executed.
16:13:56 INFO  : FPGA configured successfully with bitstream "E:/ZYNQcode/PS/GPIO_AXI/GPIO_AXI.sdk/system_wrapper_hw_platform_0/system_wrapper.bit"
16:13:56 INFO  : Context for 'APU' is selected.
16:13:57 INFO  : Hardware design information is loaded from 'E:/ZYNQcode/PS/GPIO_AXI/GPIO_AXI.sdk/system_wrapper_hw_platform_0/system.hdf'.
16:13:57 INFO  : 'configparams force-mem-access 1' command is executed.
16:13:57 INFO  : Context for 'APU' is selected.
16:13:57 INFO  : 'ps7_init' command is executed.
16:13:57 INFO  : 'ps7_post_config' command is executed.
16:13:57 INFO  : Context for processor 'ps7_cortexa9_0' is selected.
16:13:58 INFO  : The application 'E:/ZYNQcode/PS/GPIO_AXI/GPIO_AXI.sdk/GPIO_AXI/Debug/GPIO_AXI.elf' is downloaded to processor 'ps7_cortexa9_0'.
16:13:58 INFO  : 'configparams force-mem-access 0' command is executed.
16:13:58 INFO  : ----------------XSDB Script----------------
connect -url tcp:127.0.0.1:3121
source E:/ZYNQcode/PS/GPIO_AXI/GPIO_AXI.sdk/system_wrapper_hw_platform_0/ps7_init.tcl
targets -set -nocase -filter {name =~"APU*" && jtag_cable_name =~ "Digilent JTAG-SMT2 210251A08870"} -index 0
rst -system
after 3000
targets -set -filter {jtag_cable_name =~ "Digilent JTAG-SMT2 210251A08870" && level==0} -index 1
fpga -file E:/ZYNQcode/PS/GPIO_AXI/GPIO_AXI.sdk/system_wrapper_hw_platform_0/system_wrapper.bit
targets -set -nocase -filter {name =~"APU*" && jtag_cable_name =~ "Digilent JTAG-SMT2 210251A08870"} -index 0
loadhw -hw E:/ZYNQcode/PS/GPIO_AXI/GPIO_AXI.sdk/system_wrapper_hw_platform_0/system.hdf -mem-ranges [list {0x40000000 0xbfffffff}]
configparams force-mem-access 1
targets -set -nocase -filter {name =~"APU*" && jtag_cable_name =~ "Digilent JTAG-SMT2 210251A08870"} -index 0
ps7_init
ps7_post_config
targets -set -nocase -filter {name =~ "ARM*#0" && jtag_cable_name =~ "Digilent JTAG-SMT2 210251A08870"} -index 0
dow E:/ZYNQcode/PS/GPIO_AXI/GPIO_AXI.sdk/GPIO_AXI/Debug/GPIO_AXI.elf
configparams force-mem-access 0
----------------End of Script----------------

16:13:58 INFO  : Memory regions updated for context APU
16:13:58 INFO  : Context for processor 'ps7_cortexa9_0' is selected.
16:13:58 INFO  : 'con' command is executed.
16:13:58 INFO  : ----------------XSDB Script (After Launch)----------------
targets -set -nocase -filter {name =~ "ARM*#0" && jtag_cable_name =~ "Digilent JTAG-SMT2 210251A08870"} -index 0
con
----------------End of Script----------------

16:13:58 INFO  : Launch script is exported to file 'E:\ZYNQcode\PS\GPIO_AXI\GPIO_AXI.sdk\.sdk\launch_scripts\xilinx_c-c++_application_(system_debugger)\system_debugger_using_debug_gpio_axi.elf_on_local.tcl'
16:14:31 INFO  : Disconnected from the channel tcfchan#4.
16:14:32 INFO  : Connected to target on host '127.0.0.1' and port '3121'.
16:14:32 INFO  : Jtag cable 'Digilent JTAG-SMT2 210251A08870' is selected.
16:14:32 INFO  : 'jtag frequency' command is executed.
16:14:32 INFO  : Sourcing of 'E:/ZYNQcode/PS/GPIO_AXI/GPIO_AXI.sdk/system_wrapper_hw_platform_0/ps7_init.tcl' is done.
16:14:32 INFO  : Context for 'APU' is selected.
16:14:32 INFO  : System reset is completed.
16:14:35 INFO  : 'after 3000' command is executed.
16:14:35 INFO  : 'targets -set -filter {jtag_cable_name =~ "Digilent JTAG-SMT2 210251A08870" && level==0} -index 1' command is executed.
16:14:36 INFO  : FPGA configured successfully with bitstream "E:/ZYNQcode/PS/GPIO_AXI/GPIO_AXI.sdk/system_wrapper_hw_platform_0/system_wrapper.bit"
16:14:36 INFO  : Context for 'APU' is selected.
16:14:37 INFO  : Hardware design information is loaded from 'E:/ZYNQcode/PS/GPIO_AXI/GPIO_AXI.sdk/system_wrapper_hw_platform_0/system.hdf'.
16:14:37 INFO  : 'configparams force-mem-access 1' command is executed.
16:14:37 INFO  : Context for 'APU' is selected.
16:14:37 INFO  : 'ps7_init' command is executed.
16:14:37 INFO  : 'ps7_post_config' command is executed.
16:14:37 INFO  : Context for processor 'ps7_cortexa9_0' is selected.
16:14:37 INFO  : The application 'E:/ZYNQcode/PS/GPIO_AXI/GPIO_AXI.sdk/GPIO_AXI/Debug/GPIO_AXI.elf' is downloaded to processor 'ps7_cortexa9_0'.
16:14:37 INFO  : 'configparams force-mem-access 0' command is executed.
16:14:37 INFO  : ----------------XSDB Script----------------
connect -url tcp:127.0.0.1:3121
source E:/ZYNQcode/PS/GPIO_AXI/GPIO_AXI.sdk/system_wrapper_hw_platform_0/ps7_init.tcl
targets -set -nocase -filter {name =~"APU*" && jtag_cable_name =~ "Digilent JTAG-SMT2 210251A08870"} -index 0
rst -system
after 3000
targets -set -filter {jtag_cable_name =~ "Digilent JTAG-SMT2 210251A08870" && level==0} -index 1
fpga -file E:/ZYNQcode/PS/GPIO_AXI/GPIO_AXI.sdk/system_wrapper_hw_platform_0/system_wrapper.bit
targets -set -nocase -filter {name =~"APU*" && jtag_cable_name =~ "Digilent JTAG-SMT2 210251A08870"} -index 0
loadhw -hw E:/ZYNQcode/PS/GPIO_AXI/GPIO_AXI.sdk/system_wrapper_hw_platform_0/system.hdf -mem-ranges [list {0x40000000 0xbfffffff}]
configparams force-mem-access 1
targets -set -nocase -filter {name =~"APU*" && jtag_cable_name =~ "Digilent JTAG-SMT2 210251A08870"} -index 0
ps7_init
ps7_post_config
targets -set -nocase -filter {name =~ "ARM*#0" && jtag_cable_name =~ "Digilent JTAG-SMT2 210251A08870"} -index 0
dow E:/ZYNQcode/PS/GPIO_AXI/GPIO_AXI.sdk/GPIO_AXI/Debug/GPIO_AXI.elf
configparams force-mem-access 0
----------------End of Script----------------

16:14:37 INFO  : Memory regions updated for context APU
16:14:38 INFO  : Context for processor 'ps7_cortexa9_0' is selected.
16:14:38 INFO  : 'con' command is executed.
16:14:38 INFO  : ----------------XSDB Script (After Launch)----------------
targets -set -nocase -filter {name =~ "ARM*#0" && jtag_cable_name =~ "Digilent JTAG-SMT2 210251A08870"} -index 0
con
----------------End of Script----------------

16:14:38 INFO  : Launch script is exported to file 'E:\ZYNQcode\PS\GPIO_AXI\GPIO_AXI.sdk\.sdk\launch_scripts\xilinx_c-c++_application_(system_debugger)\system_debugger_using_debug_gpio_axi.elf_on_local.tcl'
16:31:06 INFO  : Disconnected from the channel tcfchan#5.
