#-----------------------------------------------------------
# Vivado v2018.3 (64-bit)
# SW Build 2405991 on Thu Dec  6 23:38:27 MST 2018
# IP Build 2404404 on Fri Dec  7 01:43:56 MST 2018
# Start of session at: Sun Apr 30 17:46:37 2023
# Process ID: 8396
# Current directory: D:/ZYNQcode/PL/key_led
# Command line: vivado.exe -gui_launcher_event rodinguilauncherevent14488 D:\ZYNQcode\PL\key_led\key_led.xpr
# Log file: D:/ZYNQcode/PL/key_led/vivado.log
# Journal file: D:/ZYNQcode/PL/key_led\vivado.jou
#-----------------------------------------------------------
start_gui
open_project D:/ZYNQcode/PL/key_led/key_led.xpr
INFO: [Project 1-313] Project file moved from 'E:/ZYNQcode/PL/key_led' since last save.
Scanning sources...
Finished scanning sources
INFO: [IP_Flow 19-234] Refreshing IP repositories
INFO: [IP_Flow 19-1704] No user IP repositories specified
INFO: [IP_Flow 19-2313] Loaded Vivado IP repository 'F:/Xilinx/Vivado/2018.3/data/ip'.
open_project: Time (s): cpu = 00:00:11 ; elapsed = 00:00:06 . Memory (MB): peak = 758.105 ; gain = 110.273
update_compile_order -fileset sources_1
exit
INFO: [Common 17-206] Exiting Vivado at Sun Apr 30 17:48:07 2023...
