
*** Running vivado
    with args -log cymometer_top.vds -m64 -product Vivado -mode batch -messageDb vivado.pb -notrace -source cymometer_top.tcl


****** Vivado v2018.3 (64-bit)
  **** SW Build 2405991 on Thu Dec  6 23:38:27 MST 2018
  **** IP Build 2404404 on Fri Dec  7 01:43:56 MST 2018
    ** Copyright 1986-2018 Xilinx, Inc. All Rights Reserved.

source cymometer_top.tcl -notrace
Command: synth_design -top cymometer_top -part xc7z010clg400-1
Starting synth_design
Attempting to get a license for feature 'Synthesis' and/or device 'xc7z010'
INFO: [Common 17-349] Got license for feature 'Synthesis' and/or device 'xc7z010'
INFO: Launching helper process for spawning children vivado processes
INFO: Helper process launched with PID 13240 
---------------------------------------------------------------------------------
Starting RTL Elaboration : Time (s): cpu = 00:00:03 ; elapsed = 00:00:05 . Memory (MB): peak = 425.945 ; gain = 96.672
---------------------------------------------------------------------------------
INFO: [Synth 8-6157] synthesizing module 'cymometer_top' [D:/ZYNQcode/PL/cymometer_top/cymometer_top.srcs/sources_1/new/cymometer_top.v:3]
INFO: [Synth 8-6157] synthesizing module 'clk_wiz_0' [D:/ZYNQcode/PL/cymometer_top/cymometer_top.runs/synth_1/.Xil/Vivado-6024-DESKTOP-COSH0DL/realtime/clk_wiz_0_stub.v:5]
INFO: [Synth 8-6155] done synthesizing module 'clk_wiz_0' (1#1) [D:/ZYNQcode/PL/cymometer_top/cymometer_top.runs/synth_1/.Xil/Vivado-6024-DESKTOP-COSH0DL/realtime/clk_wiz_0_stub.v:5]
INFO: [Synth 8-6157] synthesizing module 'cymometer' [D:/ZYNQcode/PL/cymometer_top/cymometer_top.srcs/sources_1/new/cymometer.v:3]
	Parameter CLK_FS bound to: 26'b10111110101111000010000000 
	Parameter MAX bound to: 6'b100000 
	Parameter GATE_TIME bound to: 16'b0001001110001000 
INFO: [Synth 8-6155] done synthesizing module 'cymometer' (2#1) [D:/ZYNQcode/PL/cymometer_top/cymometer_top.srcs/sources_1/new/cymometer.v:3]
INFO: [Synth 8-6157] synthesizing module 'uart_send' [D:/ZYNQcode/PL/cymometer_top/cymometer_top.srcs/sources_1/new/uart_send.v:1]
	Parameter CLK_FREQ bound to: 50000000 - type: integer 
	Parameter UART_BPS bound to: 115200 - type: integer 
	Parameter BPS_CNT bound to: 434 - type: integer 
INFO: [Synth 8-6155] done synthesizing module 'uart_send' (3#1) [D:/ZYNQcode/PL/cymometer_top/cymometer_top.srcs/sources_1/new/uart_send.v:1]
INFO: [Synth 8-6157] synthesizing module 'ctrl' [D:/ZYNQcode/PL/cymometer_top/cymometer_top.srcs/sources_1/new/ctrl.v:3]
INFO: [Synth 8-6155] done synthesizing module 'ctrl' (4#1) [D:/ZYNQcode/PL/cymometer_top/cymometer_top.srcs/sources_1/new/ctrl.v:3]
WARNING: [Synth 8-4446] all outputs are unconnected for this instance and logic may be removed [D:/ZYNQcode/PL/cymometer_top/cymometer_top.srcs/sources_1/new/cymometer_top.v:61]
INFO: [Synth 8-6157] synthesizing module 'ila_0' [D:/ZYNQcode/PL/cymometer_top/cymometer_top.runs/synth_1/.Xil/Vivado-6024-DESKTOP-COSH0DL/realtime/ila_0_stub.v:6]
INFO: [Synth 8-6155] done synthesizing module 'ila_0' (5#1) [D:/ZYNQcode/PL/cymometer_top/cymometer_top.runs/synth_1/.Xil/Vivado-6024-DESKTOP-COSH0DL/realtime/ila_0_stub.v:6]
INFO: [Synth 8-6071] Mark debug on the nets applies keep_hierarchy on instance 'u_clk_wiz_0'. This will prevent further optimization [D:/ZYNQcode/PL/cymometer_top/cymometer_top.srcs/sources_1/new/cymometer_top.v:20]
INFO: [Synth 8-6071] Mark debug on the nets applies keep_hierarchy on instance 'u_ila_0'. This will prevent further optimization [D:/ZYNQcode/PL/cymometer_top/cymometer_top.srcs/sources_1/new/cymometer_top.v:61]
INFO: [Synth 8-6071] Mark debug on the nets applies keep_hierarchy on instance 'u_uart_send'. This will prevent further optimization [D:/ZYNQcode/PL/cymometer_top/cymometer_top.srcs/sources_1/new/cymometer_top.v:39]
INFO: [Synth 8-6071] Mark debug on the nets applies keep_hierarchy on instance 'u_cymometer'. This will prevent further optimization [D:/ZYNQcode/PL/cymometer_top/cymometer_top.srcs/sources_1/new/cymometer_top.v:30]
INFO: [Synth 8-6071] Mark debug on the nets applies keep_hierarchy on instance 'u_ctrl'. This will prevent further optimization [D:/ZYNQcode/PL/cymometer_top/cymometer_top.srcs/sources_1/new/cymometer_top.v:49]
INFO: [Synth 8-6155] done synthesizing module 'cymometer_top' (6#1) [D:/ZYNQcode/PL/cymometer_top/cymometer_top.srcs/sources_1/new/cymometer_top.v:3]
WARNING: [Synth 8-3331] design ctrl has unconnected port data_fx[19]
WARNING: [Synth 8-3331] design ctrl has unconnected port data_fx[18]
WARNING: [Synth 8-3331] design ctrl has unconnected port data_fx[17]
WARNING: [Synth 8-3331] design ctrl has unconnected port data_fx[16]
WARNING: [Synth 8-3331] design ctrl has unconnected port data_fx[15]
WARNING: [Synth 8-3331] design ctrl has unconnected port data_fx[14]
WARNING: [Synth 8-3331] design ctrl has unconnected port data_fx[13]
WARNING: [Synth 8-3331] design ctrl has unconnected port data_fx[12]
WARNING: [Synth 8-3331] design ctrl has unconnected port data_fx[11]
WARNING: [Synth 8-3331] design ctrl has unconnected port data_fx[10]
WARNING: [Synth 8-3331] design ctrl has unconnected port data_fx[9]
WARNING: [Synth 8-3331] design ctrl has unconnected port data_fx[8]
---------------------------------------------------------------------------------
Finished RTL Elaboration : Time (s): cpu = 00:00:04 ; elapsed = 00:00:06 . Memory (MB): peak = 481.961 ; gain = 152.688
---------------------------------------------------------------------------------

Report Check Netlist: 
+------+------------------+-------+---------+-------+------------------+
|      |Item              |Errors |Warnings |Status |Description       |
+------+------------------+-------+---------+-------+------------------+
|1     |multi_driven_nets |      0|        0|Passed |Multi driven nets |
+------+------------------+-------+---------+-------+------------------+
---------------------------------------------------------------------------------
Start Handling Custom Attributes
---------------------------------------------------------------------------------
---------------------------------------------------------------------------------
Finished Handling Custom Attributes : Time (s): cpu = 00:00:04 ; elapsed = 00:00:06 . Memory (MB): peak = 481.961 ; gain = 152.688
---------------------------------------------------------------------------------
---------------------------------------------------------------------------------
Finished RTL Optimization Phase 1 : Time (s): cpu = 00:00:04 ; elapsed = 00:00:06 . Memory (MB): peak = 481.961 ; gain = 152.688
---------------------------------------------------------------------------------
INFO: [Device 21-403] Loading part xc7z010clg400-1
INFO: [Project 1-570] Preparing netlist for logic optimization

Processing XDC Constraints
Initializing timing engine
Parsing XDC File [d:/ZYNQcode/PL/cymometer_top/cymometer_top.srcs/sources_1/ip/clk_wiz_0/clk_wiz_0/clk_wiz_0_in_context.xdc] for cell 'u_clk_wiz_0'
Finished Parsing XDC File [d:/ZYNQcode/PL/cymometer_top/cymometer_top.srcs/sources_1/ip/clk_wiz_0/clk_wiz_0/clk_wiz_0_in_context.xdc] for cell 'u_clk_wiz_0'
Parsing XDC File [d:/ZYNQcode/PL/cymometer_top/cymometer_top.srcs/sources_1/ip/ila_0/ila_0/ila_0_in_context.xdc] for cell 'u_ila_0'
Finished Parsing XDC File [d:/ZYNQcode/PL/cymometer_top/cymometer_top.srcs/sources_1/ip/ila_0/ila_0/ila_0_in_context.xdc] for cell 'u_ila_0'
Parsing XDC File [D:/ZYNQcode/PL/cymometer_top/cymometer_top.srcs/constrs_1/new/cymometer.xdc]
WARNING: [Vivado 12-507] No nets matched 'clk_fx_IBUF'. [D:/ZYNQcode/PL/cymometer_top/cymometer_top.srcs/constrs_1/new/cymometer.xdc:14]
Finished Parsing XDC File [D:/ZYNQcode/PL/cymometer_top/cymometer_top.srcs/constrs_1/new/cymometer.xdc]
WARNING: [Project 1-498] One or more constraints failed evaluation while reading constraint file [D:/ZYNQcode/PL/cymometer_top/cymometer_top.srcs/constrs_1/new/cymometer.xdc] and the design contains unresolved black boxes. These constraints will be read post-synthesis (as long as their source constraint file is marked as used_in_implementation) and should be applied correctly then. You should review the constraints listed in the file [.Xil/cymometer_top_propImpl.xdc] and check the run log file to verify that these constraints were correctly applied.
INFO: [Project 1-236] Implementation specific constraints were found while reading constraint file [D:/ZYNQcode/PL/cymometer_top/cymometer_top.srcs/constrs_1/new/cymometer.xdc]. These constraints will be ignored for synthesis but will be used in implementation. Impacted constraints are listed in the file [.Xil/cymometer_top_propImpl.xdc].
Resolution: To avoid this warning, move constraints listed in [.Xil/cymometer_top_propImpl.xdc] to another XDC file and exclude this new file from synthesis with the used_in_synthesis property (File Properties dialog in GUI) and re-run elaboration/synthesis.
Netlist sorting complete. Time (s): cpu = 00:00:00 ; elapsed = 00:00:00 . Memory (MB): peak = 820.086 ; gain = 0.000
Completed Processing XDC Constraints

Netlist sorting complete. Time (s): cpu = 00:00:00 ; elapsed = 00:00:00.001 . Memory (MB): peak = 820.086 ; gain = 0.000
INFO: [Project 1-111] Unisim Transformation Summary:
No Unisim elements were transformed.

Netlist sorting complete. Time (s): cpu = 00:00:00 ; elapsed = 00:00:00 . Memory (MB): peak = 820.086 ; gain = 0.000
Constraint Validation Runtime : Time (s): cpu = 00:00:00 ; elapsed = 00:00:00.006 . Memory (MB): peak = 820.086 ; gain = 0.000
---------------------------------------------------------------------------------
Finished Constraint Validation : Time (s): cpu = 00:00:13 ; elapsed = 00:00:17 . Memory (MB): peak = 820.086 ; gain = 490.812
---------------------------------------------------------------------------------
---------------------------------------------------------------------------------
Start Loading Part and Timing Information
---------------------------------------------------------------------------------
Loading part: xc7z010clg400-1
---------------------------------------------------------------------------------
Finished Loading Part and Timing Information : Time (s): cpu = 00:00:13 ; elapsed = 00:00:17 . Memory (MB): peak = 820.086 ; gain = 490.812
---------------------------------------------------------------------------------
---------------------------------------------------------------------------------
Start Applying 'set_property' XDC Constraints
---------------------------------------------------------------------------------
Applied set_property IO_BUFFER_TYPE = NONE for sys_clk. (constraint file  d:/ZYNQcode/PL/cymometer_top/cymometer_top.srcs/sources_1/ip/clk_wiz_0/clk_wiz_0/clk_wiz_0_in_context.xdc, line 3).
Applied set_property CLOCK_BUFFER_TYPE = NONE for sys_clk. (constraint file  d:/ZYNQcode/PL/cymometer_top/cymometer_top.srcs/sources_1/ip/clk_wiz_0/clk_wiz_0/clk_wiz_0_in_context.xdc, line 4).
Applied set_property DONT_TOUCH = true for u_clk_wiz_0. (constraint file  auto generated constraint, line ).
Applied set_property DONT_TOUCH = true for u_ila_0. (constraint file  auto generated constraint, line ).
---------------------------------------------------------------------------------
Finished applying 'set_property' XDC Constraints : Time (s): cpu = 00:00:13 ; elapsed = 00:00:17 . Memory (MB): peak = 820.086 ; gain = 490.812
---------------------------------------------------------------------------------
INFO: [Synth 8-5546] ROM "tx_cnt" won't be mapped to RAM because it is too sparse
---------------------------------------------------------------------------------
Finished RTL Optimization Phase 2 : Time (s): cpu = 00:00:14 ; elapsed = 00:00:17 . Memory (MB): peak = 820.086 ; gain = 490.812
---------------------------------------------------------------------------------

Report RTL Partitions: 
+-+--------------+------------+----------+
| |RTL Partition |Replication |Instances |
+-+--------------+------------+----------+
+-+--------------+------------+----------+
---------------------------------------------------------------------------------
Start RTL Component Statistics 
---------------------------------------------------------------------------------
Detailed RTL Component Info : 
+---Adders : 
	   2 Input     16 Bit       Adders := 2     
	   2 Input      4 Bit       Adders := 1     
+---Registers : 
	               64 Bit    Registers := 1     
	               32 Bit    Registers := 2     
	               20 Bit    Registers := 1     
	               16 Bit    Registers := 2     
	                8 Bit    Registers := 2     
	                4 Bit    Registers := 1     
	                1 Bit    Registers := 14    
+---Multipliers : 
	                26x32  Multipliers := 1     
+---Muxes : 
	   2 Input     16 Bit        Muxes := 3     
	   2 Input      8 Bit        Muxes := 1     
	   2 Input      4 Bit        Muxes := 1     
	   2 Input      1 Bit        Muxes := 6     
	   3 Input      1 Bit        Muxes := 1     
	  12 Input      1 Bit        Muxes := 1     
---------------------------------------------------------------------------------
Finished RTL Component Statistics 
---------------------------------------------------------------------------------
---------------------------------------------------------------------------------
Start RTL Hierarchical Component Statistics 
---------------------------------------------------------------------------------
Hierarchical RTL Component report 
Module cymometer 
Detailed RTL Component Info : 
+---Adders : 
	   2 Input     16 Bit       Adders := 1     
+---Registers : 
	               64 Bit    Registers := 1     
	               32 Bit    Registers := 2     
	               20 Bit    Registers := 1     
	               16 Bit    Registers := 1     
	                1 Bit    Registers := 8     
+---Multipliers : 
	                26x32  Multipliers := 1     
+---Muxes : 
	   2 Input     16 Bit        Muxes := 1     
	   2 Input      1 Bit        Muxes := 2     
Module uart_send 
Detailed RTL Component Info : 
+---Adders : 
	   2 Input     16 Bit       Adders := 1     
	   2 Input      4 Bit       Adders := 1     
+---Registers : 
	               16 Bit    Registers := 1     
	                8 Bit    Registers := 1     
	                4 Bit    Registers := 1     
	                1 Bit    Registers := 4     
+---Muxes : 
	   2 Input     16 Bit        Muxes := 2     
	   2 Input      8 Bit        Muxes := 1     
	   2 Input      4 Bit        Muxes := 1     
	   2 Input      1 Bit        Muxes := 3     
	   3 Input      1 Bit        Muxes := 1     
	  12 Input      1 Bit        Muxes := 1     
Module ctrl 
Detailed RTL Component Info : 
+---Registers : 
	                8 Bit    Registers := 1     
	                1 Bit    Registers := 2     
+---Muxes : 
	   2 Input      1 Bit        Muxes := 1     
---------------------------------------------------------------------------------
Finished RTL Hierarchical Component Statistics
---------------------------------------------------------------------------------
---------------------------------------------------------------------------------
Start Part Resource Summary
---------------------------------------------------------------------------------
Part Resources:
DSPs: 80 (col length:40)
BRAMs: 120 (col length: RAMB18 40 RAMB36 20)
---------------------------------------------------------------------------------
Finished Part Resource Summary
---------------------------------------------------------------------------------
---------------------------------------------------------------------------------
Start Cross Boundary and Area Optimization
---------------------------------------------------------------------------------
Warning: Parallel synthesis criteria is not met 
INFO: [Synth 8-5845] Not enough pipeline registers after wide multiplier. Recommended levels of pipeline registers is 4 [D:/ZYNQcode/PL/cymometer_top/cymometer_top.srcs/sources_1/new/cymometer.v:138]
DSP Report: Generating DSP data_fx_t0, operation Mode is: A*B.
DSP Report: operator data_fx_t0 is absorbed into DSP data_fx_t0.
DSP Report: operator data_fx_t0 is absorbed into DSP data_fx_t0.
DSP Report: Generating DSP data_fx_t0, operation Mode is: (PCIN>>17)+A*B.
DSP Report: operator data_fx_t0 is absorbed into DSP data_fx_t0.
DSP Report: operator data_fx_t0 is absorbed into DSP data_fx_t0.
DSP Report: Generating DSP data_fx_t0, operation Mode is: A*(B:0xf080).
DSP Report: operator data_fx_t0 is absorbed into DSP data_fx_t0.
DSP Report: operator data_fx_t0 is absorbed into DSP data_fx_t0.
DSP Report: Generating DSP data_fx_t0, operation Mode is: (PCIN>>17)+(A:0xf080)*B.
DSP Report: operator data_fx_t0 is absorbed into DSP data_fx_t0.
DSP Report: operator data_fx_t0 is absorbed into DSP data_fx_t0.
WARNING: [Synth 8-3331] design ctrl has unconnected port data_fx[19]
WARNING: [Synth 8-3331] design ctrl has unconnected port data_fx[18]
WARNING: [Synth 8-3331] design ctrl has unconnected port data_fx[17]
WARNING: [Synth 8-3331] design ctrl has unconnected port data_fx[16]
WARNING: [Synth 8-3331] design ctrl has unconnected port data_fx[15]
WARNING: [Synth 8-3331] design ctrl has unconnected port data_fx[14]
WARNING: [Synth 8-3331] design ctrl has unconnected port data_fx[13]
WARNING: [Synth 8-3331] design ctrl has unconnected port data_fx[12]
WARNING: [Synth 8-3331] design ctrl has unconnected port data_fx[11]
WARNING: [Synth 8-3331] design ctrl has unconnected port data_fx[10]
WARNING: [Synth 8-3331] design ctrl has unconnected port data_fx[9]
WARNING: [Synth 8-3331] design ctrl has unconnected port data_fx[8]
WARNING: [Synth 8-3332] Sequential element (data_fx_t_reg[47]) is unused and will be removed from module cymometer.
WARNING: [Synth 8-3332] Sequential element (data_fx_t_reg[46]) is unused and will be removed from module cymometer.
WARNING: [Synth 8-3332] Sequential element (data_fx_t_reg[45]) is unused and will be removed from module cymometer.
WARNING: [Synth 8-3332] Sequential element (data_fx_t_reg[44]) is unused and will be removed from module cymometer.
WARNING: [Synth 8-3332] Sequential element (data_fx_t_reg[43]) is unused and will be removed from module cymometer.
WARNING: [Synth 8-3332] Sequential element (data_fx_t_reg[42]) is unused and will be removed from module cymometer.
WARNING: [Synth 8-3332] Sequential element (data_fx_t_reg[41]) is unused and will be removed from module cymometer.
WARNING: [Synth 8-3332] Sequential element (data_fx_t_reg[40]) is unused and will be removed from module cymometer.
WARNING: [Synth 8-3332] Sequential element (data_fx_t_reg[39]) is unused and will be removed from module cymometer.
WARNING: [Synth 8-3332] Sequential element (data_fx_t_reg[38]) is unused and will be removed from module cymometer.
WARNING: [Synth 8-3332] Sequential element (data_fx_t_reg[37]) is unused and will be removed from module cymometer.
WARNING: [Synth 8-3332] Sequential element (data_fx_t_reg[36]) is unused and will be removed from module cymometer.
WARNING: [Synth 8-3332] Sequential element (data_fx_t_reg[35]) is unused and will be removed from module cymometer.
WARNING: [Synth 8-3332] Sequential element (data_fx_t_reg[34]) is unused and will be removed from module cymometer.
WARNING: [Synth 8-3332] Sequential element (data_fx_t_reg[33]) is unused and will be removed from module cymometer.
WARNING: [Synth 8-3332] Sequential element (data_fx_t_reg[32]) is unused and will be removed from module cymometer.
WARNING: [Synth 8-3332] Sequential element (data_fx_t_reg[31]) is unused and will be removed from module cymometer.
WARNING: [Synth 8-3332] Sequential element (data_fx_t_reg[30]) is unused and will be removed from module cymometer.
WARNING: [Synth 8-3332] Sequential element (data_fx_t_reg[29]) is unused and will be removed from module cymometer.
WARNING: [Synth 8-3332] Sequential element (data_fx_t_reg[28]) is unused and will be removed from module cymometer.
WARNING: [Synth 8-3332] Sequential element (data_fx_t_reg[27]) is unused and will be removed from module cymometer.
WARNING: [Synth 8-3332] Sequential element (data_fx_t_reg[26]) is unused and will be removed from module cymometer.
WARNING: [Synth 8-3332] Sequential element (data_fx_t_reg[25]) is unused and will be removed from module cymometer.
WARNING: [Synth 8-3332] Sequential element (data_fx_t_reg[24]) is unused and will be removed from module cymometer.
WARNING: [Synth 8-3332] Sequential element (data_fx_t_reg[23]) is unused and will be removed from module cymometer.
WARNING: [Synth 8-3332] Sequential element (data_fx_t_reg[22]) is unused and will be removed from module cymometer.
WARNING: [Synth 8-3332] Sequential element (data_fx_t_reg[21]) is unused and will be removed from module cymometer.
WARNING: [Synth 8-3332] Sequential element (data_fx_t_reg[20]) is unused and will be removed from module cymometer.
WARNING: [Synth 8-3332] Sequential element (data_fx_t_reg[19]) is unused and will be removed from module cymometer.
WARNING: [Synth 8-3332] Sequential element (data_fx_t_reg[18]) is unused and will be removed from module cymometer.
WARNING: [Synth 8-3332] Sequential element (data_fx_t_reg[17]) is unused and will be removed from module cymometer.
WARNING: [Synth 8-3332] Sequential element (data_fx_t_reg[47]__0) is unused and will be removed from module cymometer.
WARNING: [Synth 8-3332] Sequential element (data_fx_t_reg[46]__0) is unused and will be removed from module cymometer.
WARNING: [Synth 8-3332] Sequential element (data_fx_t_reg[45]__0) is unused and will be removed from module cymometer.
WARNING: [Synth 8-3332] Sequential element (data_fx_t_reg[44]__0) is unused and will be removed from module cymometer.
WARNING: [Synth 8-3332] Sequential element (data_fx_t_reg[43]__0) is unused and will be removed from module cymometer.
WARNING: [Synth 8-3332] Sequential element (data_fx_t_reg[42]__0) is unused and will be removed from module cymometer.
WARNING: [Synth 8-3332] Sequential element (data_fx_t_reg[41]__0) is unused and will be removed from module cymometer.
WARNING: [Synth 8-3332] Sequential element (data_fx_t_reg[40]__0) is unused and will be removed from module cymometer.
WARNING: [Synth 8-3332] Sequential element (data_fx_t_reg[39]__0) is unused and will be removed from module cymometer.
WARNING: [Synth 8-3332] Sequential element (data_fx_t_reg[38]__0) is unused and will be removed from module cymometer.
WARNING: [Synth 8-3332] Sequential element (data_fx_t_reg[37]__0) is unused and will be removed from module cymometer.
WARNING: [Synth 8-3332] Sequential element (data_fx_t_reg[36]__0) is unused and will be removed from module cymometer.
WARNING: [Synth 8-3332] Sequential element (data_fx_t_reg[35]__0) is unused and will be removed from module cymometer.
WARNING: [Synth 8-3332] Sequential element (data_fx_t_reg[34]__0) is unused and will be removed from module cymometer.
WARNING: [Synth 8-3332] Sequential element (data_fx_t_reg[33]__0) is unused and will be removed from module cymometer.
WARNING: [Synth 8-3332] Sequential element (data_fx_t_reg[32]__0) is unused and will be removed from module cymometer.
WARNING: [Synth 8-3332] Sequential element (data_fx_t_reg[31]__0) is unused and will be removed from module cymometer.
WARNING: [Synth 8-3332] Sequential element (data_fx_t_reg[30]__0) is unused and will be removed from module cymometer.
WARNING: [Synth 8-3332] Sequential element (data_fx_t_reg[29]__0) is unused and will be removed from module cymometer.
WARNING: [Synth 8-3332] Sequential element (data_fx_t_reg[28]__0) is unused and will be removed from module cymometer.
WARNING: [Synth 8-3332] Sequential element (data_fx_t_reg[27]__0) is unused and will be removed from module cymometer.
WARNING: [Synth 8-3332] Sequential element (data_fx_t_reg[26]__0) is unused and will be removed from module cymometer.
WARNING: [Synth 8-3332] Sequential element (data_fx_t_reg[25]__0) is unused and will be removed from module cymometer.
WARNING: [Synth 8-3332] Sequential element (data_fx_t_reg[24]__0) is unused and will be removed from module cymometer.
WARNING: [Synth 8-3332] Sequential element (data_fx_t_reg[47]__1) is unused and will be removed from module cymometer.
WARNING: [Synth 8-3332] Sequential element (data_fx_t_reg[46]__1) is unused and will be removed from module cymometer.
WARNING: [Synth 8-3332] Sequential element (data_fx_t_reg[45]__1) is unused and will be removed from module cymometer.
WARNING: [Synth 8-3332] Sequential element (data_fx_t_reg[44]__1) is unused and will be removed from module cymometer.
WARNING: [Synth 8-3332] Sequential element (data_fx_t_reg[43]__1) is unused and will be removed from module cymometer.
WARNING: [Synth 8-3332] Sequential element (data_fx_t_reg[42]__1) is unused and will be removed from module cymometer.
WARNING: [Synth 8-3332] Sequential element (data_fx_t_reg[41]__1) is unused and will be removed from module cymometer.
WARNING: [Synth 8-3332] Sequential element (data_fx_t_reg[40]__1) is unused and will be removed from module cymometer.
WARNING: [Synth 8-3332] Sequential element (data_fx_t_reg[39]__1) is unused and will be removed from module cymometer.
WARNING: [Synth 8-3332] Sequential element (data_fx_t_reg[38]__1) is unused and will be removed from module cymometer.
WARNING: [Synth 8-3332] Sequential element (data_fx_t_reg[37]__1) is unused and will be removed from module cymometer.
WARNING: [Synth 8-3332] Sequential element (data_fx_t_reg[36]__1) is unused and will be removed from module cymometer.
WARNING: [Synth 8-3332] Sequential element (data_fx_t_reg[35]__1) is unused and will be removed from module cymometer.
WARNING: [Synth 8-3332] Sequential element (data_fx_t_reg[34]__1) is unused and will be removed from module cymometer.
WARNING: [Synth 8-3332] Sequential element (data_fx_t_reg[33]__1) is unused and will be removed from module cymometer.
WARNING: [Synth 8-3332] Sequential element (data_fx_t_reg[32]__1) is unused and will be removed from module cymometer.
WARNING: [Synth 8-3332] Sequential element (data_fx_t_reg[31]__1) is unused and will be removed from module cymometer.
WARNING: [Synth 8-3332] Sequential element (data_fx_t_reg[30]__1) is unused and will be removed from module cymometer.
WARNING: [Synth 8-3332] Sequential element (data_fx_t_reg[29]__1) is unused and will be removed from module cymometer.
WARNING: [Synth 8-3332] Sequential element (data_fx_t_reg[28]__1) is unused and will be removed from module cymometer.
WARNING: [Synth 8-3332] Sequential element (data_fx_t_reg[27]__1) is unused and will be removed from module cymometer.
WARNING: [Synth 8-3332] Sequential element (data_fx_t_reg[26]__1) is unused and will be removed from module cymometer.
WARNING: [Synth 8-3332] Sequential element (data_fx_t_reg[25]__1) is unused and will be removed from module cymometer.
WARNING: [Synth 8-3332] Sequential element (data_fx_t_reg[24]__1) is unused and will be removed from module cymometer.
WARNING: [Synth 8-3332] Sequential element (data_fx_t_reg[23]__1) is unused and will be removed from module cymometer.
WARNING: [Synth 8-3332] Sequential element (data_fx_t_reg[22]__1) is unused and will be removed from module cymometer.
WARNING: [Synth 8-3332] Sequential element (data_fx_t_reg[21]__1) is unused and will be removed from module cymometer.
WARNING: [Synth 8-3332] Sequential element (data_fx_t_reg[20]__1) is unused and will be removed from module cymometer.
WARNING: [Synth 8-3332] Sequential element (data_fx_t_reg[19]__1) is unused and will be removed from module cymometer.
WARNING: [Synth 8-3332] Sequential element (data_fx_t_reg[18]__1) is unused and will be removed from module cymometer.
WARNING: [Synth 8-3332] Sequential element (data_fx_t_reg[17]__1) is unused and will be removed from module cymometer.
WARNING: [Synth 8-3332] Sequential element (data_fx_t_reg[47]__2) is unused and will be removed from module cymometer.
WARNING: [Synth 8-3332] Sequential element (data_fx_t_reg[46]__2) is unused and will be removed from module cymometer.
WARNING: [Synth 8-3332] Sequential element (data_fx_t_reg[45]__2) is unused and will be removed from module cymometer.
WARNING: [Synth 8-3332] Sequential element (data_fx_t_reg[44]__2) is unused and will be removed from module cymometer.
WARNING: [Synth 8-3332] Sequential element (data_fx_t_reg[43]__2) is unused and will be removed from module cymometer.
WARNING: [Synth 8-3332] Sequential element (data_fx_t_reg[42]__2) is unused and will be removed from module cymometer.
WARNING: [Synth 8-3332] Sequential element (data_fx_t_reg[41]__2) is unused and will be removed from module cymometer.
---------------------------------------------------------------------------------
Finished Cross Boundary and Area Optimization : Time (s): cpu = 00:00:17 ; elapsed = 00:00:21 . Memory (MB): peak = 820.086 ; gain = 490.812
---------------------------------------------------------------------------------
---------------------------------------------------------------------------------
Start ROM, RAM, DSP and Shift Register Reporting
---------------------------------------------------------------------------------

DSP: Preliminary Mapping  Report (see note below)
+------------+-------------------------+--------+--------+--------+--------+--------+------+------+------+------+-------+------+------+
|Module Name | DSP Mapping             | A Size | B Size | C Size | D Size | P Size | AREG | BREG | CREG | DREG | ADREG | MREG | PREG | 
+------------+-------------------------+--------+--------+--------+--------+--------+------+------+------+------+-------+------+------+
|cymometer   | A*B                     | 18     | 10     | -      | -      | 48     | 0    | 0    | -    | -    | -     | 0    | 0    | 
|cymometer   | (PCIN>>17)+A*B          | 16     | 10     | -      | -      | 48     | 0    | 0    | -    | -    | -     | 0    | 0    | 
|cymometer   | A*(B:0xf080)            | 18     | 17     | -      | -      | 48     | 0    | 0    | -    | -    | -     | 0    | 0    | 
|cymometer   | (PCIN>>17)+(A:0xf080)*B | 17     | 16     | -      | -      | 48     | 0    | 0    | -    | -    | -     | 0    | 0    | 
+------------+-------------------------+--------+--------+--------+--------+--------+------+------+------+------+-------+------+------+

Note: The table above is a preliminary report that shows the DSPs inferred at the current stage of the synthesis flow. Some DSP may be reimplemented as non DSP primitives later in the synthesis flow. Multiple instantiated DSPs are reported only once.
---------------------------------------------------------------------------------
Finished ROM, RAM, DSP and Shift Register Reporting
---------------------------------------------------------------------------------
INFO: [Synth 8-5844] Detected registers with asynchronous reset at DSP/BRAM block boundary. Consider using synchronous reset for optimal packing [D:/ZYNQcode/PL/cymometer_top/cymometer_top.srcs/sources_1/new/cymometer.v:108]
INFO: [Synth 8-5844] Detected registers with asynchronous reset at DSP/BRAM block boundary. Consider using synchronous reset for optimal packing [D:/ZYNQcode/PL/cymometer_top/cymometer_top.srcs/sources_1/new/cymometer.v:108]
INFO: [Synth 8-5844] Detected registers with asynchronous reset at DSP/BRAM block boundary. Consider using synchronous reset for optimal packing [D:/ZYNQcode/PL/cymometer_top/cymometer_top.srcs/sources_1/new/cymometer.v:108]
INFO: [Synth 8-5844] Detected registers with asynchronous reset at DSP/BRAM block boundary. Consider using synchronous reset for optimal packing [D:/ZYNQcode/PL/cymometer_top/cymometer_top.srcs/sources_1/new/cymometer.v:108]

Report RTL Partitions: 
+-+--------------+------------+----------+
| |RTL Partition |Replication |Instances |
+-+--------------+------------+----------+
+-+--------------+------------+----------+
---------------------------------------------------------------------------------
Start Applying XDC Timing Constraints
---------------------------------------------------------------------------------
INFO: [Synth 8-5578] Moved timing constraint from pin 'u_clk_wiz_0/clk_out1' to pin 'u_clk_wiz_0/bbstub_clk_out1/O'
INFO: [Synth 8-5819] Moved 1 constraints on hierarchical pins to their respective driving/loading pins
---------------------------------------------------------------------------------
Finished Applying XDC Timing Constraints : Time (s): cpu = 00:00:33 ; elapsed = 00:00:39 . Memory (MB): peak = 855.223 ; gain = 525.949
---------------------------------------------------------------------------------
---------------------------------------------------------------------------------
Start Timing Optimization
---------------------------------------------------------------------------------
---------------------------------------------------------------------------------
Finished Timing Optimization : Time (s): cpu = 00:00:35 ; elapsed = 00:00:42 . Memory (MB): peak = 863.043 ; gain = 533.770
---------------------------------------------------------------------------------

Report RTL Partitions: 
+-+--------------+------------+----------+
| |RTL Partition |Replication |Instances |
+-+--------------+------------+----------+
+-+--------------+------------+----------+
---------------------------------------------------------------------------------
Start Technology Mapping
---------------------------------------------------------------------------------
INFO: [Synth 8-5844] Detected registers with asynchronous reset at DSP/BRAM block boundary. Consider using synchronous reset for optimal packing [D:/ZYNQcode/PL/cymometer_top/cymometer_top.srcs/sources_1/new/cymometer.v:135]
INFO: [Synth 8-5844] Detected registers with asynchronous reset at DSP/BRAM block boundary. Consider using synchronous reset for optimal packing [D:/ZYNQcode/PL/cymometer_top/cymometer_top.srcs/sources_1/new/cymometer.v:135]
INFO: [Synth 8-3886] merging instance 'u_cymometer/i_4899' (FDCE) to 'u_cymometer/i_4924'
INFO: [Synth 8-5844] Detected registers with asynchronous reset at DSP/BRAM block boundary. Consider using synchronous reset for optimal packing [D:/ZYNQcode/PL/cymometer_top/cymometer_top.srcs/sources_1/new/cymometer.v:108]
INFO: [Synth 8-5844] Detected registers with asynchronous reset at DSP/BRAM block boundary. Consider using synchronous reset for optimal packing [D:/ZYNQcode/PL/cymometer_top/cymometer_top.srcs/sources_1/new/cymometer.v:108]
INFO: [Synth 8-5844] Detected registers with asynchronous reset at DSP/BRAM block boundary. Consider using synchronous reset for optimal packing [D:/ZYNQcode/PL/cymometer_top/cymometer_top.srcs/sources_1/new/cymometer.v:108]
INFO: [Synth 8-5844] Detected registers with asynchronous reset at DSP/BRAM block boundary. Consider using synchronous reset for optimal packing [D:/ZYNQcode/PL/cymometer_top/cymometer_top.srcs/sources_1/new/cymometer.v:108]
---------------------------------------------------------------------------------
Finished Technology Mapping : Time (s): cpu = 00:00:37 ; elapsed = 00:00:44 . Memory (MB): peak = 887.508 ; gain = 558.234
---------------------------------------------------------------------------------

Report RTL Partitions: 
+-+--------------+------------+----------+
| |RTL Partition |Replication |Instances |
+-+--------------+------------+----------+
+-+--------------+------------+----------+
---------------------------------------------------------------------------------
Start IO Insertion
---------------------------------------------------------------------------------
---------------------------------------------------------------------------------
Start Flattening Before IO Insertion
---------------------------------------------------------------------------------
---------------------------------------------------------------------------------
Finished Flattening Before IO Insertion
---------------------------------------------------------------------------------
---------------------------------------------------------------------------------
Start Final Netlist Cleanup
---------------------------------------------------------------------------------
---------------------------------------------------------------------------------
Finished Final Netlist Cleanup
---------------------------------------------------------------------------------
---------------------------------------------------------------------------------
Finished IO Insertion : Time (s): cpu = 00:00:38 ; elapsed = 00:00:45 . Memory (MB): peak = 887.508 ; gain = 558.234
---------------------------------------------------------------------------------

Report Check Netlist: 
+------+------------------+-------+---------+-------+------------------+
|      |Item              |Errors |Warnings |Status |Description       |
+------+------------------+-------+---------+-------+------------------+
|1     |multi_driven_nets |      0|        0|Passed |Multi driven nets |
+------+------------------+-------+---------+-------+------------------+
---------------------------------------------------------------------------------
Start Renaming Generated Instances
---------------------------------------------------------------------------------
---------------------------------------------------------------------------------
Finished Renaming Generated Instances : Time (s): cpu = 00:00:38 ; elapsed = 00:00:45 . Memory (MB): peak = 887.508 ; gain = 558.234
---------------------------------------------------------------------------------

Report RTL Partitions: 
+-+--------------+------------+----------+
| |RTL Partition |Replication |Instances |
+-+--------------+------------+----------+
+-+--------------+------------+----------+
---------------------------------------------------------------------------------
Start Rebuilding User Hierarchy
---------------------------------------------------------------------------------
---------------------------------------------------------------------------------
Finished Rebuilding User Hierarchy : Time (s): cpu = 00:00:38 ; elapsed = 00:00:46 . Memory (MB): peak = 887.508 ; gain = 558.234
---------------------------------------------------------------------------------
---------------------------------------------------------------------------------
Start Renaming Generated Ports
---------------------------------------------------------------------------------
---------------------------------------------------------------------------------
Finished Renaming Generated Ports : Time (s): cpu = 00:00:38 ; elapsed = 00:00:46 . Memory (MB): peak = 887.508 ; gain = 558.234
---------------------------------------------------------------------------------
---------------------------------------------------------------------------------
Start Handling Custom Attributes
---------------------------------------------------------------------------------
---------------------------------------------------------------------------------
Finished Handling Custom Attributes : Time (s): cpu = 00:00:38 ; elapsed = 00:00:46 . Memory (MB): peak = 887.508 ; gain = 558.234
---------------------------------------------------------------------------------
---------------------------------------------------------------------------------
Start Renaming Generated Nets
---------------------------------------------------------------------------------
---------------------------------------------------------------------------------
Finished Renaming Generated Nets : Time (s): cpu = 00:00:38 ; elapsed = 00:00:46 . Memory (MB): peak = 887.508 ; gain = 558.234
---------------------------------------------------------------------------------
---------------------------------------------------------------------------------
Start Writing Synthesis Report
---------------------------------------------------------------------------------

Report BlackBoxes: 
+------+--------------+----------+
|      |BlackBox name |Instances |
+------+--------------+----------+
|1     |clk_wiz_0     |         1|
|2     |ila_0         |         1|
+------+--------------+----------+

Report Cell Usage: 
+------+----------+------+
|      |Cell      |Count |
+------+----------+------+
|1     |clk_wiz_0 |     1|
|2     |ila_0     |     1|
|3     |BUFG      |     1|
|4     |CARRY4    |   611|
|5     |DSP48E1   |     4|
|6     |LUT1      |    38|
|7     |LUT2      |   195|
|8     |LUT3      |  2070|
|9     |LUT4      |     6|
|10    |LUT5      |     7|
|11    |LUT6      |    24|
|12    |FDCE      |   248|
|13    |FDPE      |     1|
|14    |IBUF      |     2|
|15    |OBUF      |     2|
+------+----------+------+

Report Instance Areas: 
+------+--------------+----------+------+
|      |Instance      |Module    |Cells |
+------+--------------+----------+------+
|1     |top           |          |  3211|
|2     |  u_cymometer |cymometer |  3111|
|3     |  u_uart_send |uart_send |    80|
|4     |  u_ctrl      |ctrl      |    13|
+------+--------------+----------+------+
---------------------------------------------------------------------------------
Finished Writing Synthesis Report : Time (s): cpu = 00:00:38 ; elapsed = 00:00:46 . Memory (MB): peak = 887.508 ; gain = 558.234
---------------------------------------------------------------------------------
Synthesis finished with 0 errors, 0 critical warnings and 105 warnings.
Synthesis Optimization Runtime : Time (s): cpu = 00:00:28 ; elapsed = 00:00:39 . Memory (MB): peak = 887.508 ; gain = 220.109
Synthesis Optimization Complete : Time (s): cpu = 00:00:39 ; elapsed = 00:00:46 . Memory (MB): peak = 887.508 ; gain = 558.234
INFO: [Project 1-571] Translating synthesized netlist
INFO: [Netlist 29-17] Analyzing 615 Unisim elements for replacement
INFO: [Netlist 29-28] Unisim Transformation completed in 0 CPU seconds
WARNING: [Netlist 29-101] Netlist 'cymometer_top' is not ideal for floorplanning, since the cellview 'cymometer' contains a large number of primitives.  Please consider enabling hierarchy in synthesis if you want to do floorplanning.
INFO: [Project 1-570] Preparing netlist for logic optimization
INFO: [Opt 31-140] Inserted 1 IBUFs to IO ports without IO buffers.
INFO: [Opt 31-138] Pushed 0 inverter(s) to 0 load pin(s).
Netlist sorting complete. Time (s): cpu = 00:00:00 ; elapsed = 00:00:00.001 . Memory (MB): peak = 887.508 ; gain = 0.000
INFO: [Project 1-111] Unisim Transformation Summary:
No Unisim elements were transformed.

INFO: [Common 17-83] Releasing license: Synthesis
45 Infos, 121 Warnings, 0 Critical Warnings and 0 Errors encountered.
synth_design completed successfully
synth_design: Time (s): cpu = 00:00:42 ; elapsed = 00:00:50 . Memory (MB): peak = 887.508 ; gain = 559.973
INFO: [Common 17-600] The following parameters have non-default value.
tcl.collectionResultDisplayLimit
Netlist sorting complete. Time (s): cpu = 00:00:00 ; elapsed = 00:00:00.001 . Memory (MB): peak = 887.508 ; gain = 0.000
WARNING: [Constraints 18-5210] No constraints selected for write.
Resolution: This message can indicate that there are no constraints for the design, or it can indicate that the used_in flags are set such that the constraints are ignored. This later case is used when running synth_design to not write synthesis constraints to the resulting checkpoint. Instead, project constraints are read when the synthesized design is opened.
INFO: [Common 17-1381] The checkpoint 'D:/ZYNQcode/PL/cymometer_top/cymometer_top.runs/synth_1/cymometer_top.dcp' has been generated.
INFO: [runtcl-4] Executing : report_utilization -file cymometer_top_utilization_synth.rpt -pb cymometer_top_utilization_synth.pb
INFO: [Common 17-206] Exiting Vivado at Wed May  3 20:46:55 2023...
