#-----------------------------------------------------------
# Vivado v2018.3 (64-bit)
# SW Build 2405991 on Thu Dec  6 23:38:27 MST 2018
# IP Build 2404404 on Fri Dec  7 01:43:56 MST 2018
# Start of session at: Tue Apr 25 14:45:08 2023
# Process ID: 5244
# Current directory: E:/ZYNQcode/PS/GPIO_MIO_interrupt
# Command line: vivado.exe -gui_launcher_event rodinguilauncherevent20520 E:\ZYNQcode\PS\GPIO_MIO_interrupt\GPIO_MIO_interrupt.xpr
# Log file: E:/ZYNQcode/PS/GPIO_MIO_interrupt/vivado.log
# Journal file: E:/ZYNQcode/PS/GPIO_MIO_interrupt\vivado.jou
#-----------------------------------------------------------
start_gui
open_project E:/ZYNQcode/PS/GPIO_MIO_interrupt/GPIO_MIO_interrupt.xpr
Scanning sources...
Finished scanning sources
INFO: [IP_Flow 19-234] Refreshing IP repositories
INFO: [IP_Flow 19-1704] No user IP repositories specified
INFO: [IP_Flow 19-2313] Loaded Vivado IP repository 'D:/Xilinx/Vivado/2018.3/data/ip'.
open_project: Time (s): cpu = 00:00:07 ; elapsed = 00:00:05 . Memory (MB): peak = 814.402 ; gain = 187.312
launch_sdk -workspace E:/ZYNQcode/PS/GPIO_MIO_interrupt/GPIO_MIO_interrupt.sdk -hwspec E:/ZYNQcode/PS/GPIO_MIO_interrupt/GPIO_MIO_interrupt.sdk/system_wrapper.hdf
INFO: [Vivado 12-393] Launching SDK...
INFO: [Vivado 12-417] Running xsdk -workspace E:/ZYNQcode/PS/GPIO_MIO_interrupt/GPIO_MIO_interrupt.sdk -hwspec E:/ZYNQcode/PS/GPIO_MIO_interrupt/GPIO_MIO_interrupt.sdk/system_wrapper.hdf
INFO: [Vivado 12-3157] SDK launch initiated. Please check console for any further messages.
update_compile_order -fileset sources_1
launch_sdk -workspace E:/ZYNQcode/PS/GPIO_MIO_interrupt/GPIO_MIO_interrupt.sdk -hwspec E:/ZYNQcode/PS/GPIO_MIO_interrupt/GPIO_MIO_interrupt.sdk/system_wrapper.hdf
INFO: [Vivado 12-393] Launching SDK...
INFO: [Vivado 12-417] Running xsdk -workspace E:/ZYNQcode/PS/GPIO_MIO_interrupt/GPIO_MIO_interrupt.sdk -hwspec E:/ZYNQcode/PS/GPIO_MIO_interrupt/GPIO_MIO_interrupt.sdk/system_wrapper.hdf
INFO: [Vivado 12-3157] SDK launch initiated. Please check console for any further messages.
exit
INFO: [Common 17-206] Exiting Vivado at Tue Apr 25 14:51:45 2023...
